

Microchip Technology PIC18 LITE Macro Assembler V2.00 build -1524193055 
                                                                                               Mon Sep 10 17:36:33 2018

Microchip Technology Omniscient Code Generator v2.00 (Free mode) build 20180527130849
     1  0000                     
     2                           ; Version 2.00
     3                           ; Generated 27/05/2018 GMT
     4                           
     5                           ; 
     6                           ; Copyright © 2018, Microchip Technology Inc. and its subsidiaries ("Microchip")
     7                           ; All rights reserved.
     8                           ; 
     9                           ; This software is developed by Microchip Technology Inc. and its subsidiaries ("Microch
                                 ip").
    10                           ; 
    11                           ; Redistribution and use in source and binary forms, with or without modification, are
    12                           ; permitted provided that the following conditions are met:
    13                           ; 
    14                           ;     1. Redistributions of source code must retain the above copyright notice, this lis
                                 t of
    15                           ;        conditions and the following disclaimer.
    16                           ; 
    17                           ;     2. Redistributions in binary form must reproduce the above copyright notice, this 
                                 list
    18                           ;        of conditions and the following disclaimer in the documentation and/or other
    19                           ;        materials provided with the distribution.
    20                           ; 
    21                           ;     3. Microchip's name may not be used to endorse or promote products derived from th
                                 is
    22                           ;        software without specific prior written permission.
    23                           ; 
    24                           ; THIS SOFTWARE IS PROVIDED BY MICROCHIP "AS IS" AND ANY EXPRESS OR IMPLIED WARRANTIES,

    25                           ; INCLUDING, BUT NOT LIMITED TO, THE IMPLIED WARRANTIES OF MERCHANTABILITY AND FITNESS F
                                 OR
    26                           ; PURPOSE ARE DISCLAIMED.  IN NO EVENT SHALL MICROCHIP BE LIABLE FOR ANY DIRECT, INDIREC
                                 T,
    27                           ; INCIDENTAL, SPECIAL, EXEMPLARY, OR CONSEQUENTIAL DAMAGES (INCLUDING BUT NOT LIMITED TO
                                 
    28                           ; PROCUREMENT OF SUBSTITUTE GOODS OR SERVICES; LOSS OF USE, DATA OR PROFITS; OR BUSINESS
                                 
    29                           ; INTERRUPTION) HOWSOEVER CAUSED AND ON ANY THEORY OF LIABILITY, WHETHER IN CONTRACT, ST
                                 RICT
    30                           ; LIABILITY, OR TORT (INCLUDING NEGLIGENCE OR OTHERWISE) ARISING IN ANY WAY OUT OF THE U
                                 SE OF
    31                           ; THIS SOFTWARE, EVEN IF ADVISED OF THE POSSIBILITY OF SUCH DAMAGE.
    32                           ; 
    33                           
    34                           
    35                           ; 
    36                           ; Code-generator required, PIC18F4550 Definitions
    37                           ; 
    38  0000                     fsr0 equ 0FE9h
    39  0000                     fsr0h equ 0FEAh
    40  0000                     fsr0l equ 0FE9h
    41  0000                     fsr1 equ 0FE1h
    42  0000                     fsr1h equ 0FE2h
    43  0000                     fsr1l equ 0FE1h
    44  0000                     fsr2 equ 0FD9h
    45  0000                     fsr2h equ 0FDAh
    46  0000                     fsr2l equ 0FD9h
    47  0000                     indf0 equ 0FEFh
    48  0000                     indf1 equ 0FE7h
    49  0000                     indf2 equ 0FDFh
    50  0000                     intcon equ 0FF2h
    51  0000                     nvmcon equ 00h
    52  0000                     pcl equ 0FF9h
    53  0000                     pclath equ 0FFAh
    54  0000                     pclatu equ 0FFBh
    55  0000                     plusw0 equ 0FEBh
    56  0000                     plusw1 equ 0FE3h
    57  0000                     plusw2 equ 0FDBh
    58  0000                     postdec0 equ 0FEDh
    59  0000                     postdec1 equ 0FE5h
    60  0000                     postdec2 equ 0FDDh
    61  0000                     postinc0 equ 0FEEh
    62  0000                     postinc1 equ 0FE6h
    63  0000                     postinc2 equ 0FDEh
    64  0000                     preinc0 equ 0FECh
    65  0000                     preinc1 equ 0FE4h
    66  0000                     preinc2 equ 0FDCh
    67  0000                     prod equ 0FF3h
    68  0000                     prodh equ 0FF4h
    69  0000                     prodl equ 0FF3h
    70  0000                     status equ 0FD8h
    71  0000                     tablat equ 0FF5h
    72  0000                     tblptr equ 0FF6h
    73  0000                     tblptrh equ 0FF7h
    74  0000                     tblptrl equ 0FF6h
    75  0000                     tblptru equ 0FF8h
    76  0000                     tosl equ 0FFDh
    77  0000                     wreg equ 0FE8h
    78  0000                     
     2                           opt pagewidth 120
     3  0000                     byte0	macro	val
     4                           	(getbyte(val,0))
     5                           endm
     6  0000                     byte1	macro	val
     7                           	(getbyte(val,1))
     8                           endm
     9  0000                     byte2	macro	val
    10                           	(getbyte(val,2))
    11                           endm
    12  0000                     byte3	macro	val
    13                           	(getbyte(val,3))
    14                           endm
    15  0000                     byte4	macro	val
    16                           	(getbyte(val,4))
    17                           endm
    18  0000                     byte5	macro	val
    19                           	(getbyte(val,5))
    20                           endm
    21  0000                     byte6	macro	val
    22                           	(getbyte(val,6))
    23                           endm
    24  0000                     byte7	macro	val
    25                           	(getbyte(val,7))
    26                           endm
    27  0000                     getword	macro	val,pos
    28                           	(((val) >> (8 * pos)) and 0xffff)
    29                           endm
    30  0000                     word0	macro	val
    31                           	(getword(val,0))
    32                           endm
    33  0000                     word1	macro	val
    34                           	(getword(val,2))
    35                           endm
    36  0000                     word2	macro	val
    37                           	(getword(val,4))
    38                           endm
    39  0000                     word3	macro	val
    40                           	(getword(val,6))
    41                           endm
    42  0000                     gettword	macro	val,pos
    43                           	(((val) >> (8 * pos)) and 0xffffff)
    44                           endm
    45  0000                     tword0	macro	val
    46                           	(gettword(val,0))
    47                           endm
    48  0000                     tword1	macro	val
    49                           	(gettword(val,3))
    50                           endm
    51  0000                     tword2	macro	val
    52                           	(gettword(val,6))
    53                           endm
    54  0000                     getdword	macro	val,pos
    55                           	(((val) >> (8 * pos)) and 0xffffffff)
    56                           endm
    57  0000                     dword0	macro	val
    58                           	(getdword(val,0))
    59                           endm
    60  0000                     dword1	macro	val
    61                           	(getdword(val,4))
    62                           endm
    63  0000                     clrc   macro
    64                           	bcf	status,0
    65                           endm
    66  0000                     setc   macro
    67                           	bsf	status,0
    68                           endm
    69  0000                     clrz   macro
    70                           	bcf	status,2
    71                           endm
    72  0000                     setz   macro
    73                           	bsf	status,2
    74                           endm
    75  0000                     skipnz macro
    76                           	btfsc	status,2
    77                           endm
    78  0000                     skipz  macro
    79                           	btfss	status,2
    80                           endm
    81  0000                     skipnc macro
    82                           	btfsc	status,0
    83                           endm
    84  0000                     skipc  macro
    85                           	btfss	status,0
    86                           endm
    87  0000                     pushw macro
    88                           	movwf postinc1
    89                           endm
    90  0000                     pushf macro arg1
    91                           	movff arg1, postinc1
    92                           endm
    93  0000                     popw macro
    94                           	movf postdec1,f
    95                           	movf indf1,w
    96                           endm
    97  0000                     popf macro arg1
    98                           	movf postdec1,f
    99                           	movff indf1,arg1
   100                           endm
   101  0000                     popfc macro arg1
   102                           	movff plusw1,arg1
   103                           	decfsz fsr1,f
   104                           endm
   105  0000                     	global	__ramtop
   106                           	global	__accesstop
   107                           # 54 "C:\Program Files (x86)\Microchip\xc8\v2.00\pic\include\pic18f4550.h"
   108                           SPPDATA equ 0F62h ;# 
   109  0000                     # 74 "C:\Program Files (x86)\Microchip\xc8\v2.00\pic\include\pic18f4550.h"
   110                           SPPCFG equ 0F63h ;# 
   111  0000                     # 151 "C:\Program Files (x86)\Microchip\xc8\v2.00\pic\include\pic18f4550.h"
   112                           SPPEPS equ 0F64h ;# 
   113  0000                     # 225 "C:\Program Files (x86)\Microchip\xc8\v2.00\pic\include\pic18f4550.h"
   114                           SPPCON equ 0F65h ;# 
   115  0000                     # 251 "C:\Program Files (x86)\Microchip\xc8\v2.00\pic\include\pic18f4550.h"
   116                           UFRM equ 0F66h ;# 
   117  0000                     # 258 "C:\Program Files (x86)\Microchip\xc8\v2.00\pic\include\pic18f4550.h"
   118                           UFRML equ 0F66h ;# 
   119  0000                     # 336 "C:\Program Files (x86)\Microchip\xc8\v2.00\pic\include\pic18f4550.h"
   120                           UFRMH equ 0F67h ;# 
   121  0000                     # 376 "C:\Program Files (x86)\Microchip\xc8\v2.00\pic\include\pic18f4550.h"
   122                           UIR equ 0F68h ;# 
   123  0000                     # 432 "C:\Program Files (x86)\Microchip\xc8\v2.00\pic\include\pic18f4550.h"
   124                           UIE equ 0F69h ;# 
   125  0000                     # 488 "C:\Program Files (x86)\Microchip\xc8\v2.00\pic\include\pic18f4550.h"
   126                           UEIR equ 0F6Ah ;# 
   127  0000                     # 539 "C:\Program Files (x86)\Microchip\xc8\v2.00\pic\include\pic18f4550.h"
   128                           UEIE equ 0F6Bh ;# 
   129  0000                     # 590 "C:\Program Files (x86)\Microchip\xc8\v2.00\pic\include\pic18f4550.h"
   130                           USTAT equ 0F6Ch ;# 
   131  0000                     # 650 "C:\Program Files (x86)\Microchip\xc8\v2.00\pic\include\pic18f4550.h"
   132                           UCON equ 0F6Dh ;# 
   133  0000                     # 701 "C:\Program Files (x86)\Microchip\xc8\v2.00\pic\include\pic18f4550.h"
   134                           UADDR equ 0F6Eh ;# 
   135  0000                     # 765 "C:\Program Files (x86)\Microchip\xc8\v2.00\pic\include\pic18f4550.h"
   136                           UCFG equ 0F6Fh ;# 
   137  0000                     # 844 "C:\Program Files (x86)\Microchip\xc8\v2.00\pic\include\pic18f4550.h"
   138                           UEP0 equ 0F70h ;# 
   139  0000                     # 952 "C:\Program Files (x86)\Microchip\xc8\v2.00\pic\include\pic18f4550.h"
   140                           UEP1 equ 0F71h ;# 
   141  0000                     # 1060 "C:\Program Files (x86)\Microchip\xc8\v2.00\pic\include\pic18f4550.h"
   142                           UEP2 equ 0F72h ;# 
   143  0000                     # 1168 "C:\Program Files (x86)\Microchip\xc8\v2.00\pic\include\pic18f4550.h"
   144                           UEP3 equ 0F73h ;# 
   145  0000                     # 1276 "C:\Program Files (x86)\Microchip\xc8\v2.00\pic\include\pic18f4550.h"
   146                           UEP4 equ 0F74h ;# 
   147  0000                     # 1384 "C:\Program Files (x86)\Microchip\xc8\v2.00\pic\include\pic18f4550.h"
   148                           UEP5 equ 0F75h ;# 
   149  0000                     # 1492 "C:\Program Files (x86)\Microchip\xc8\v2.00\pic\include\pic18f4550.h"
   150                           UEP6 equ 0F76h ;# 
   151  0000                     # 1600 "C:\Program Files (x86)\Microchip\xc8\v2.00\pic\include\pic18f4550.h"
   152                           UEP7 equ 0F77h ;# 
   153  0000                     # 1708 "C:\Program Files (x86)\Microchip\xc8\v2.00\pic\include\pic18f4550.h"
   154                           UEP8 equ 0F78h ;# 
   155  0000                     # 1784 "C:\Program Files (x86)\Microchip\xc8\v2.00\pic\include\pic18f4550.h"
   156                           UEP9 equ 0F79h ;# 
   157  0000                     # 1860 "C:\Program Files (x86)\Microchip\xc8\v2.00\pic\include\pic18f4550.h"
   158                           UEP10 equ 0F7Ah ;# 
   159  0000                     # 1936 "C:\Program Files (x86)\Microchip\xc8\v2.00\pic\include\pic18f4550.h"
   160                           UEP11 equ 0F7Bh ;# 
   161  0000                     # 2012 "C:\Program Files (x86)\Microchip\xc8\v2.00\pic\include\pic18f4550.h"
   162                           UEP12 equ 0F7Ch ;# 
   163  0000                     # 2088 "C:\Program Files (x86)\Microchip\xc8\v2.00\pic\include\pic18f4550.h"
   164                           UEP13 equ 0F7Dh ;# 
   165  0000                     # 2164 "C:\Program Files (x86)\Microchip\xc8\v2.00\pic\include\pic18f4550.h"
   166                           UEP14 equ 0F7Eh ;# 
   167  0000                     # 2240 "C:\Program Files (x86)\Microchip\xc8\v2.00\pic\include\pic18f4550.h"
   168                           UEP15 equ 0F7Fh ;# 
   169  0000                     # 2316 "C:\Program Files (x86)\Microchip\xc8\v2.00\pic\include\pic18f4550.h"
   170                           PORTA equ 0F80h ;# 
   171  0000                     # 2455 "C:\Program Files (x86)\Microchip\xc8\v2.00\pic\include\pic18f4550.h"
   172                           PORTB equ 0F81h ;# 
   173  0000                     # 2565 "C:\Program Files (x86)\Microchip\xc8\v2.00\pic\include\pic18f4550.h"
   174                           PORTC equ 0F82h ;# 
   175  0000                     # 2707 "C:\Program Files (x86)\Microchip\xc8\v2.00\pic\include\pic18f4550.h"
   176                           PORTD equ 0F83h ;# 
   177  0000                     # 2828 "C:\Program Files (x86)\Microchip\xc8\v2.00\pic\include\pic18f4550.h"
   178                           PORTE equ 0F84h ;# 
   179  0000                     # 2975 "C:\Program Files (x86)\Microchip\xc8\v2.00\pic\include\pic18f4550.h"
   180                           LATA equ 0F89h ;# 
   181  0000                     # 3075 "C:\Program Files (x86)\Microchip\xc8\v2.00\pic\include\pic18f4550.h"
   182                           LATB equ 0F8Ah ;# 
   183  0000                     # 3187 "C:\Program Files (x86)\Microchip\xc8\v2.00\pic\include\pic18f4550.h"
   184                           LATC equ 0F8Bh ;# 
   185  0000                     # 3265 "C:\Program Files (x86)\Microchip\xc8\v2.00\pic\include\pic18f4550.h"
   186                           LATD equ 0F8Ch ;# 
   187  0000                     # 3377 "C:\Program Files (x86)\Microchip\xc8\v2.00\pic\include\pic18f4550.h"
   188                           LATE equ 0F8Dh ;# 
   189  0000                     # 3429 "C:\Program Files (x86)\Microchip\xc8\v2.00\pic\include\pic18f4550.h"
   190                           TRISA equ 0F92h ;# 
   191  0000                     # 3434 "C:\Program Files (x86)\Microchip\xc8\v2.00\pic\include\pic18f4550.h"
   192                           DDRA equ 0F92h ;# 
   193  0000                     # 3627 "C:\Program Files (x86)\Microchip\xc8\v2.00\pic\include\pic18f4550.h"
   194                           TRISB equ 0F93h ;# 
   195  0000                     # 3632 "C:\Program Files (x86)\Microchip\xc8\v2.00\pic\include\pic18f4550.h"
   196                           DDRB equ 0F93h ;# 
   197  0000                     # 3849 "C:\Program Files (x86)\Microchip\xc8\v2.00\pic\include\pic18f4550.h"
   198                           TRISC equ 0F94h ;# 
   199  0000                     # 3854 "C:\Program Files (x86)\Microchip\xc8\v2.00\pic\include\pic18f4550.h"
   200                           DDRC equ 0F94h ;# 
   201  0000                     # 4003 "C:\Program Files (x86)\Microchip\xc8\v2.00\pic\include\pic18f4550.h"
   202                           TRISD equ 0F95h ;# 
   203  0000                     # 4008 "C:\Program Files (x86)\Microchip\xc8\v2.00\pic\include\pic18f4550.h"
   204                           DDRD equ 0F95h ;# 
   205  0000                     # 4225 "C:\Program Files (x86)\Microchip\xc8\v2.00\pic\include\pic18f4550.h"
   206                           TRISE equ 0F96h ;# 
   207  0000                     # 4230 "C:\Program Files (x86)\Microchip\xc8\v2.00\pic\include\pic18f4550.h"
   208                           DDRE equ 0F96h ;# 
   209  0000                     # 4327 "C:\Program Files (x86)\Microchip\xc8\v2.00\pic\include\pic18f4550.h"
   210                           OSCTUNE equ 0F9Bh ;# 
   211  0000                     # 4386 "C:\Program Files (x86)\Microchip\xc8\v2.00\pic\include\pic18f4550.h"
   212                           PIE1 equ 0F9Dh ;# 
   213  0000                     # 4470 "C:\Program Files (x86)\Microchip\xc8\v2.00\pic\include\pic18f4550.h"
   214                           PIR1 equ 0F9Eh ;# 
   215  0000                     # 4554 "C:\Program Files (x86)\Microchip\xc8\v2.00\pic\include\pic18f4550.h"
   216                           IPR1 equ 0F9Fh ;# 
   217  0000                     # 4638 "C:\Program Files (x86)\Microchip\xc8\v2.00\pic\include\pic18f4550.h"
   218                           PIE2 equ 0FA0h ;# 
   219  0000                     # 4709 "C:\Program Files (x86)\Microchip\xc8\v2.00\pic\include\pic18f4550.h"
   220                           PIR2 equ 0FA1h ;# 
   221  0000                     # 4780 "C:\Program Files (x86)\Microchip\xc8\v2.00\pic\include\pic18f4550.h"
   222                           IPR2 equ 0FA2h ;# 
   223  0000                     # 4851 "C:\Program Files (x86)\Microchip\xc8\v2.00\pic\include\pic18f4550.h"
   224                           EECON1 equ 0FA6h ;# 
   225  0000                     # 4917 "C:\Program Files (x86)\Microchip\xc8\v2.00\pic\include\pic18f4550.h"
   226                           EECON2 equ 0FA7h ;# 
   227  0000                     # 4924 "C:\Program Files (x86)\Microchip\xc8\v2.00\pic\include\pic18f4550.h"
   228                           EEDATA equ 0FA8h ;# 
   229  0000                     # 4931 "C:\Program Files (x86)\Microchip\xc8\v2.00\pic\include\pic18f4550.h"
   230                           EEADR equ 0FA9h ;# 
   231  0000                     # 4938 "C:\Program Files (x86)\Microchip\xc8\v2.00\pic\include\pic18f4550.h"
   232                           RCSTA equ 0FABh ;# 
   233  0000                     # 4943 "C:\Program Files (x86)\Microchip\xc8\v2.00\pic\include\pic18f4550.h"
   234                           RCSTA1 equ 0FABh ;# 
   235  0000                     # 5148 "C:\Program Files (x86)\Microchip\xc8\v2.00\pic\include\pic18f4550.h"
   236                           TXSTA equ 0FACh ;# 
   237  0000                     # 5153 "C:\Program Files (x86)\Microchip\xc8\v2.00\pic\include\pic18f4550.h"
   238                           TXSTA1 equ 0FACh ;# 
   239  0000                     # 5404 "C:\Program Files (x86)\Microchip\xc8\v2.00\pic\include\pic18f4550.h"
   240                           TXREG equ 0FADh ;# 
   241  0000                     # 5409 "C:\Program Files (x86)\Microchip\xc8\v2.00\pic\include\pic18f4550.h"
   242                           TXREG1 equ 0FADh ;# 
   243  0000                     # 5416 "C:\Program Files (x86)\Microchip\xc8\v2.00\pic\include\pic18f4550.h"
   244                           RCREG equ 0FAEh ;# 
   245  0000                     # 5421 "C:\Program Files (x86)\Microchip\xc8\v2.00\pic\include\pic18f4550.h"
   246                           RCREG1 equ 0FAEh ;# 
   247  0000                     # 5428 "C:\Program Files (x86)\Microchip\xc8\v2.00\pic\include\pic18f4550.h"
   248                           SPBRG equ 0FAFh ;# 
   249  0000                     # 5433 "C:\Program Files (x86)\Microchip\xc8\v2.00\pic\include\pic18f4550.h"
   250                           SPBRG1 equ 0FAFh ;# 
   251  0000                     # 5440 "C:\Program Files (x86)\Microchip\xc8\v2.00\pic\include\pic18f4550.h"
   252                           SPBRGH equ 0FB0h ;# 
   253  0000                     # 5447 "C:\Program Files (x86)\Microchip\xc8\v2.00\pic\include\pic18f4550.h"
   254                           T3CON equ 0FB1h ;# 
   255  0000                     # 5568 "C:\Program Files (x86)\Microchip\xc8\v2.00\pic\include\pic18f4550.h"
   256                           TMR3 equ 0FB2h ;# 
   257  0000                     # 5575 "C:\Program Files (x86)\Microchip\xc8\v2.00\pic\include\pic18f4550.h"
   258                           TMR3L equ 0FB2h ;# 
   259  0000                     # 5582 "C:\Program Files (x86)\Microchip\xc8\v2.00\pic\include\pic18f4550.h"
   260                           TMR3H equ 0FB3h ;# 
   261  0000                     # 5589 "C:\Program Files (x86)\Microchip\xc8\v2.00\pic\include\pic18f4550.h"
   262                           CMCON equ 0FB4h ;# 
   263  0000                     # 5679 "C:\Program Files (x86)\Microchip\xc8\v2.00\pic\include\pic18f4550.h"
   264                           CVRCON equ 0FB5h ;# 
   265  0000                     # 5764 "C:\Program Files (x86)\Microchip\xc8\v2.00\pic\include\pic18f4550.h"
   266                           ECCP1AS equ 0FB6h ;# 
   267  0000                     # 5769 "C:\Program Files (x86)\Microchip\xc8\v2.00\pic\include\pic18f4550.h"
   268                           CCP1AS equ 0FB6h ;# 
   269  0000                     # 5926 "C:\Program Files (x86)\Microchip\xc8\v2.00\pic\include\pic18f4550.h"
   270                           ECCP1DEL equ 0FB7h ;# 
   271  0000                     # 5931 "C:\Program Files (x86)\Microchip\xc8\v2.00\pic\include\pic18f4550.h"
   272                           CCP1DEL equ 0FB7h ;# 
   273  0000                     # 6064 "C:\Program Files (x86)\Microchip\xc8\v2.00\pic\include\pic18f4550.h"
   274                           BAUDCON equ 0FB8h ;# 
   275  0000                     # 6069 "C:\Program Files (x86)\Microchip\xc8\v2.00\pic\include\pic18f4550.h"
   276                           BAUDCTL equ 0FB8h ;# 
   277  0000                     # 6244 "C:\Program Files (x86)\Microchip\xc8\v2.00\pic\include\pic18f4550.h"
   278                           CCP2CON equ 0FBAh ;# 
   279  0000                     # 6308 "C:\Program Files (x86)\Microchip\xc8\v2.00\pic\include\pic18f4550.h"
   280                           CCPR2 equ 0FBBh ;# 
   281  0000                     # 6315 "C:\Program Files (x86)\Microchip\xc8\v2.00\pic\include\pic18f4550.h"
   282                           CCPR2L equ 0FBBh ;# 
   283  0000                     # 6322 "C:\Program Files (x86)\Microchip\xc8\v2.00\pic\include\pic18f4550.h"
   284                           CCPR2H equ 0FBCh ;# 
   285  0000                     # 6329 "C:\Program Files (x86)\Microchip\xc8\v2.00\pic\include\pic18f4550.h"
   286                           CCP1CON equ 0FBDh ;# 
   287  0000                     # 6334 "C:\Program Files (x86)\Microchip\xc8\v2.00\pic\include\pic18f4550.h"
   288                           ECCP1CON equ 0FBDh ;# 
   289  0000                     # 6491 "C:\Program Files (x86)\Microchip\xc8\v2.00\pic\include\pic18f4550.h"
   290                           CCPR1 equ 0FBEh ;# 
   291  0000                     # 6498 "C:\Program Files (x86)\Microchip\xc8\v2.00\pic\include\pic18f4550.h"
   292                           CCPR1L equ 0FBEh ;# 
   293  0000                     # 6505 "C:\Program Files (x86)\Microchip\xc8\v2.00\pic\include\pic18f4550.h"
   294                           CCPR1H equ 0FBFh ;# 
   295  0000                     # 6512 "C:\Program Files (x86)\Microchip\xc8\v2.00\pic\include\pic18f4550.h"
   296                           ADCON2 equ 0FC0h ;# 
   297  0000                     # 6583 "C:\Program Files (x86)\Microchip\xc8\v2.00\pic\include\pic18f4550.h"
   298                           ADCON1 equ 0FC1h ;# 
   299  0000                     # 6668 "C:\Program Files (x86)\Microchip\xc8\v2.00\pic\include\pic18f4550.h"
   300                           ADCON0 equ 0FC2h ;# 
   301  0000                     # 6787 "C:\Program Files (x86)\Microchip\xc8\v2.00\pic\include\pic18f4550.h"
   302                           ADRES equ 0FC3h ;# 
   303  0000                     # 6794 "C:\Program Files (x86)\Microchip\xc8\v2.00\pic\include\pic18f4550.h"
   304                           ADRESL equ 0FC3h ;# 
   305  0000                     # 6801 "C:\Program Files (x86)\Microchip\xc8\v2.00\pic\include\pic18f4550.h"
   306                           ADRESH equ 0FC4h ;# 
   307  0000                     # 6808 "C:\Program Files (x86)\Microchip\xc8\v2.00\pic\include\pic18f4550.h"
   308                           SSPCON2 equ 0FC5h ;# 
   309  0000                     # 6870 "C:\Program Files (x86)\Microchip\xc8\v2.00\pic\include\pic18f4550.h"
   310                           SSPCON1 equ 0FC6h ;# 
   311  0000                     # 6940 "C:\Program Files (x86)\Microchip\xc8\v2.00\pic\include\pic18f4550.h"
   312                           SSPSTAT equ 0FC7h ;# 
   313  0000                     # 7188 "C:\Program Files (x86)\Microchip\xc8\v2.00\pic\include\pic18f4550.h"
   314                           SSPADD equ 0FC8h ;# 
   315  0000                     # 7195 "C:\Program Files (x86)\Microchip\xc8\v2.00\pic\include\pic18f4550.h"
   316                           SSPBUF equ 0FC9h ;# 
   317  0000                     # 7202 "C:\Program Files (x86)\Microchip\xc8\v2.00\pic\include\pic18f4550.h"
   318                           T2CON equ 0FCAh ;# 
   319  0000                     # 7300 "C:\Program Files (x86)\Microchip\xc8\v2.00\pic\include\pic18f4550.h"
   320                           PR2 equ 0FCBh ;# 
   321  0000                     # 7305 "C:\Program Files (x86)\Microchip\xc8\v2.00\pic\include\pic18f4550.h"
   322                           MEMCON equ 0FCBh ;# 
   323  0000                     # 7410 "C:\Program Files (x86)\Microchip\xc8\v2.00\pic\include\pic18f4550.h"
   324                           TMR2 equ 0FCCh ;# 
   325  0000                     # 7417 "C:\Program Files (x86)\Microchip\xc8\v2.00\pic\include\pic18f4550.h"
   326                           T1CON equ 0FCDh ;# 
   327  0000                     # 7520 "C:\Program Files (x86)\Microchip\xc8\v2.00\pic\include\pic18f4550.h"
   328                           TMR1 equ 0FCEh ;# 
   329  0000                     # 7527 "C:\Program Files (x86)\Microchip\xc8\v2.00\pic\include\pic18f4550.h"
   330                           TMR1L equ 0FCEh ;# 
   331  0000                     # 7534 "C:\Program Files (x86)\Microchip\xc8\v2.00\pic\include\pic18f4550.h"
   332                           TMR1H equ 0FCFh ;# 
   333  0000                     # 7541 "C:\Program Files (x86)\Microchip\xc8\v2.00\pic\include\pic18f4550.h"
   334                           RCON equ 0FD0h ;# 
   335  0000                     # 7690 "C:\Program Files (x86)\Microchip\xc8\v2.00\pic\include\pic18f4550.h"
   336                           WDTCON equ 0FD1h ;# 
   337  0000                     # 7718 "C:\Program Files (x86)\Microchip\xc8\v2.00\pic\include\pic18f4550.h"
   338                           HLVDCON equ 0FD2h ;# 
   339  0000                     # 7723 "C:\Program Files (x86)\Microchip\xc8\v2.00\pic\include\pic18f4550.h"
   340                           LVDCON equ 0FD2h ;# 
   341  0000                     # 7988 "C:\Program Files (x86)\Microchip\xc8\v2.00\pic\include\pic18f4550.h"
   342                           OSCCON equ 0FD3h ;# 
   343  0000                     # 8071 "C:\Program Files (x86)\Microchip\xc8\v2.00\pic\include\pic18f4550.h"
   344                           T0CON equ 0FD5h ;# 
   345  0000                     # 8141 "C:\Program Files (x86)\Microchip\xc8\v2.00\pic\include\pic18f4550.h"
   346                           TMR0 equ 0FD6h ;# 
   347  0000                     # 8148 "C:\Program Files (x86)\Microchip\xc8\v2.00\pic\include\pic18f4550.h"
   348                           TMR0L equ 0FD6h ;# 
   349  0000                     # 8155 "C:\Program Files (x86)\Microchip\xc8\v2.00\pic\include\pic18f4550.h"
   350                           TMR0H equ 0FD7h ;# 
   351  0000                     # 8162 "C:\Program Files (x86)\Microchip\xc8\v2.00\pic\include\pic18f4550.h"
   352                           STATUS equ 0FD8h ;# 
   353  0000                     # 8233 "C:\Program Files (x86)\Microchip\xc8\v2.00\pic\include\pic18f4550.h"
   354                           FSR2 equ 0FD9h ;# 
   355  0000                     # 8240 "C:\Program Files (x86)\Microchip\xc8\v2.00\pic\include\pic18f4550.h"
   356                           FSR2L equ 0FD9h ;# 
   357  0000                     # 8247 "C:\Program Files (x86)\Microchip\xc8\v2.00\pic\include\pic18f4550.h"
   358                           FSR2H equ 0FDAh ;# 
   359  0000                     # 8254 "C:\Program Files (x86)\Microchip\xc8\v2.00\pic\include\pic18f4550.h"
   360                           PLUSW2 equ 0FDBh ;# 
   361  0000                     # 8261 "C:\Program Files (x86)\Microchip\xc8\v2.00\pic\include\pic18f4550.h"
   362                           PREINC2 equ 0FDCh ;# 
   363  0000                     # 8268 "C:\Program Files (x86)\Microchip\xc8\v2.00\pic\include\pic18f4550.h"
   364                           POSTDEC2 equ 0FDDh ;# 
   365  0000                     # 8275 "C:\Program Files (x86)\Microchip\xc8\v2.00\pic\include\pic18f4550.h"
   366                           POSTINC2 equ 0FDEh ;# 
   367  0000                     # 8282 "C:\Program Files (x86)\Microchip\xc8\v2.00\pic\include\pic18f4550.h"
   368                           INDF2 equ 0FDFh ;# 
   369  0000                     # 8289 "C:\Program Files (x86)\Microchip\xc8\v2.00\pic\include\pic18f4550.h"
   370                           BSR equ 0FE0h ;# 
   371  0000                     # 8296 "C:\Program Files (x86)\Microchip\xc8\v2.00\pic\include\pic18f4550.h"
   372                           FSR1 equ 0FE1h ;# 
   373  0000                     # 8303 "C:\Program Files (x86)\Microchip\xc8\v2.00\pic\include\pic18f4550.h"
   374                           FSR1L equ 0FE1h ;# 
   375  0000                     # 8310 "C:\Program Files (x86)\Microchip\xc8\v2.00\pic\include\pic18f4550.h"
   376                           FSR1H equ 0FE2h ;# 
   377  0000                     # 8317 "C:\Program Files (x86)\Microchip\xc8\v2.00\pic\include\pic18f4550.h"
   378                           PLUSW1 equ 0FE3h ;# 
   379  0000                     # 8324 "C:\Program Files (x86)\Microchip\xc8\v2.00\pic\include\pic18f4550.h"
   380                           PREINC1 equ 0FE4h ;# 
   381  0000                     # 8331 "C:\Program Files (x86)\Microchip\xc8\v2.00\pic\include\pic18f4550.h"
   382                           POSTDEC1 equ 0FE5h ;# 
   383  0000                     # 8338 "C:\Program Files (x86)\Microchip\xc8\v2.00\pic\include\pic18f4550.h"
   384                           POSTINC1 equ 0FE6h ;# 
   385  0000                     # 8345 "C:\Program Files (x86)\Microchip\xc8\v2.00\pic\include\pic18f4550.h"
   386                           INDF1 equ 0FE7h ;# 
   387  0000                     # 8352 "C:\Program Files (x86)\Microchip\xc8\v2.00\pic\include\pic18f4550.h"
   388                           WREG equ 0FE8h ;# 
   389  0000                     # 8359 "C:\Program Files (x86)\Microchip\xc8\v2.00\pic\include\pic18f4550.h"
   390                           FSR0 equ 0FE9h ;# 
   391  0000                     # 8366 "C:\Program Files (x86)\Microchip\xc8\v2.00\pic\include\pic18f4550.h"
   392                           FSR0L equ 0FE9h ;# 
   393  0000                     # 8373 "C:\Program Files (x86)\Microchip\xc8\v2.00\pic\include\pic18f4550.h"
   394                           FSR0H equ 0FEAh ;# 
   395  0000                     # 8380 "C:\Program Files (x86)\Microchip\xc8\v2.00\pic\include\pic18f4550.h"
   396                           PLUSW0 equ 0FEBh ;# 
   397  0000                     # 8387 "C:\Program Files (x86)\Microchip\xc8\v2.00\pic\include\pic18f4550.h"
   398                           PREINC0 equ 0FECh ;# 
   399  0000                     # 8394 "C:\Program Files (x86)\Microchip\xc8\v2.00\pic\include\pic18f4550.h"
   400                           POSTDEC0 equ 0FEDh ;# 
   401  0000                     # 8401 "C:\Program Files (x86)\Microchip\xc8\v2.00\pic\include\pic18f4550.h"
   402                           POSTINC0 equ 0FEEh ;# 
   403  0000                     # 8408 "C:\Program Files (x86)\Microchip\xc8\v2.00\pic\include\pic18f4550.h"
   404                           INDF0 equ 0FEFh ;# 
   405  0000                     # 8415 "C:\Program Files (x86)\Microchip\xc8\v2.00\pic\include\pic18f4550.h"
   406                           INTCON3 equ 0FF0h ;# 
   407  0000                     # 8507 "C:\Program Files (x86)\Microchip\xc8\v2.00\pic\include\pic18f4550.h"
   408                           INTCON2 equ 0FF1h ;# 
   409  0000                     # 8584 "C:\Program Files (x86)\Microchip\xc8\v2.00\pic\include\pic18f4550.h"
   410                           INTCON equ 0FF2h ;# 
   411  0000                     # 8701 "C:\Program Files (x86)\Microchip\xc8\v2.00\pic\include\pic18f4550.h"
   412                           PROD equ 0FF3h ;# 
   413  0000                     # 8708 "C:\Program Files (x86)\Microchip\xc8\v2.00\pic\include\pic18f4550.h"
   414                           PRODL equ 0FF3h ;# 
   415  0000                     # 8715 "C:\Program Files (x86)\Microchip\xc8\v2.00\pic\include\pic18f4550.h"
   416                           PRODH equ 0FF4h ;# 
   417  0000                     # 8722 "C:\Program Files (x86)\Microchip\xc8\v2.00\pic\include\pic18f4550.h"
   418                           TABLAT equ 0FF5h ;# 
   419  0000                     # 8731 "C:\Program Files (x86)\Microchip\xc8\v2.00\pic\include\pic18f4550.h"
   420                           TBLPTR equ 0FF6h ;# 
   421  0000                     # 8738 "C:\Program Files (x86)\Microchip\xc8\v2.00\pic\include\pic18f4550.h"
   422                           TBLPTRL equ 0FF6h ;# 
   423  0000                     # 8745 "C:\Program Files (x86)\Microchip\xc8\v2.00\pic\include\pic18f4550.h"
   424                           TBLPTRH equ 0FF7h ;# 
   425  0000                     # 8752 "C:\Program Files (x86)\Microchip\xc8\v2.00\pic\include\pic18f4550.h"
   426                           TBLPTRU equ 0FF8h ;# 
   427  0000                     # 8761 "C:\Program Files (x86)\Microchip\xc8\v2.00\pic\include\pic18f4550.h"
   428                           PCLAT equ 0FF9h ;# 
   429  0000                     # 8768 "C:\Program Files (x86)\Microchip\xc8\v2.00\pic\include\pic18f4550.h"
   430                           PC equ 0FF9h ;# 
   431  0000                     # 8775 "C:\Program Files (x86)\Microchip\xc8\v2.00\pic\include\pic18f4550.h"
   432                           PCL equ 0FF9h ;# 
   433  0000                     # 8782 "C:\Program Files (x86)\Microchip\xc8\v2.00\pic\include\pic18f4550.h"
   434                           PCLATH equ 0FFAh ;# 
   435  0000                     # 8789 "C:\Program Files (x86)\Microchip\xc8\v2.00\pic\include\pic18f4550.h"
   436                           PCLATU equ 0FFBh ;# 
   437  0000                     # 8796 "C:\Program Files (x86)\Microchip\xc8\v2.00\pic\include\pic18f4550.h"
   438                           STKPTR equ 0FFCh ;# 
   439  0000                     # 8872 "C:\Program Files (x86)\Microchip\xc8\v2.00\pic\include\pic18f4550.h"
   440                           TOS equ 0FFDh ;# 
   441  0000                     # 8879 "C:\Program Files (x86)\Microchip\xc8\v2.00\pic\include\pic18f4550.h"
   442                           TOSL equ 0FFDh ;# 
   443  0000                     # 8886 "C:\Program Files (x86)\Microchip\xc8\v2.00\pic\include\pic18f4550.h"
   444                           TOSH equ 0FFEh ;# 
   445  0000                     # 8893 "C:\Program Files (x86)\Microchip\xc8\v2.00\pic\include\pic18f4550.h"
   446                           TOSU equ 0FFFh ;# 
   447  0000                     	FNROOT	_main
   448                           	global	main@F3480
   449                           psect	idataCOMRAM,class=CODE,space=0,delta=1,noexec
   450                           global __pidataCOMRAM
   451                           __pidataCOMRAM:
   452  007DEE                     	file	"Lab_Dir2.c"
   453                           	line	91
   454                           
   455                           ;initializer for main@F3480
   456                           	dw	(040h)&0ffffh
   457  007DEE  0040               	dw	(0F9h)&0ffffh
   458  007DF0  00F9               	dw	(024h)&0ffffh
   459  007DF2  0024               	dw	(030h)&0ffffh
   460  007DF4  0030               	dw	(019h)&0ffffh
   461  007DF6  0019               	dw	(012h)&0ffffh
   462  007DF8  0012               	dw	(02h)&0ffffh
   463  007DFA  0002               	dw	(0F8h)&0ffffh
   464  007DFC  00F8               	dw	(0)&0ffffh
   465  007DFE  0000               	dw	(010h)&0ffffh
   466  007E00  0010               	global	_PORTC
   467                           _PORTC	set	0xF82
   468  0000                     	global	_PORTD
   469                           _PORTD	set	0xF83
   470  0000                     	global	_TRISD
   471                           _TRISD	set	0xF95
   472  0000                     	global	_TRISC
   473                           _TRISC	set	0xF94
   474  0000                     ; #config settings
   475                           global __CFG_PLLDIV$1
   476                           __CFG_PLLDIV$1 equ 0x0
   477  0000                     global __CFG_CPUDIV$OSC1_PLL2
   478                           __CFG_CPUDIV$OSC1_PLL2 equ 0x0
   479  0000                     global __CFG_USBDIV$1
   480                           __CFG_USBDIV$1 equ 0x0
   481  0000                     global __CFG_FOSC$XT_XT
   482                           __CFG_FOSC$XT_XT equ 0x0
   483  0000                     global __CFG_FCMEN$OFF
   484                           __CFG_FCMEN$OFF equ 0x0
   485  0000                     global __CFG_IESO$OFF
   486                           __CFG_IESO$OFF equ 0x0
   487  0000                     global __CFG_PWRT$OFF
   488                           __CFG_PWRT$OFF equ 0x0
   489  0000                     global __CFG_BOR$ON
   490                           __CFG_BOR$ON equ 0x0
   491  0000                     global __CFG_BORV$3
   492                           __CFG_BORV$3 equ 0x0
   493  0000                     global __CFG_VREGEN$OFF
   494                           __CFG_VREGEN$OFF equ 0x0
   495  0000                     global __CFG_WDT$OFF
   496                           __CFG_WDT$OFF equ 0x0
   497  0000                     global __CFG_WDTPS$32768
   498                           __CFG_WDTPS$32768 equ 0x0
   499  0000                     global __CFG_CCP2MX$ON
   500                           __CFG_CCP2MX$ON equ 0x0
   501  0000                     global __CFG_PBADEN$ON
   502                           __CFG_PBADEN$ON equ 0x0
   503  0000                     global __CFG_LPT1OSC$OFF
   504                           __CFG_LPT1OSC$OFF equ 0x0
   505  0000                     global __CFG_MCLRE$ON
   506                           __CFG_MCLRE$ON equ 0x0
   507  0000                     global __CFG_STVREN$ON
   508                           __CFG_STVREN$ON equ 0x0
   509  0000                     global __CFG_LVP$ON
   510                           __CFG_LVP$ON equ 0x0
   511  0000                     global __CFG_ICPRT$OFF
   512                           __CFG_ICPRT$OFF equ 0x0
   513  0000                     global __CFG_XINST$OFF
   514                           __CFG_XINST$OFF equ 0x0
   515  0000                     global __CFG_CP0$OFF
   516                           __CFG_CP0$OFF equ 0x0
   517  0000                     global __CFG_CP1$OFF
   518                           __CFG_CP1$OFF equ 0x0
   519  0000                     global __CFG_CP2$OFF
   520                           __CFG_CP2$OFF equ 0x0
   521  0000                     global __CFG_CP3$OFF
   522                           __CFG_CP3$OFF equ 0x0
   523  0000                     global __CFG_CPB$OFF
   524                           __CFG_CPB$OFF equ 0x0
   525  0000                     global __CFG_CPD$OFF
   526                           __CFG_CPD$OFF equ 0x0
   527  0000                     global __CFG_WRT0$OFF
   528                           __CFG_WRT0$OFF equ 0x0
   529  0000                     global __CFG_WRT1$OFF
   530                           __CFG_WRT1$OFF equ 0x0
   531  0000                     global __CFG_WRT2$OFF
   532                           __CFG_WRT2$OFF equ 0x0
   533  0000                     global __CFG_WRT3$OFF
   534                           __CFG_WRT3$OFF equ 0x0
   535  0000                     global __CFG_WRTC$OFF
   536                           __CFG_WRTC$OFF equ 0x0
   537  0000                     global __CFG_WRTB$OFF
   538                           __CFG_WRTB$OFF equ 0x0
   539  0000                     global __CFG_WRTD$OFF
   540                           __CFG_WRTD$OFF equ 0x0
   541  0000                     global __CFG_EBTR0$OFF
   542                           __CFG_EBTR0$OFF equ 0x0
   543  0000                     global __CFG_EBTR1$OFF
   544                           __CFG_EBTR1$OFF equ 0x0
   545  0000                     global __CFG_EBTR2$OFF
   546                           __CFG_EBTR2$OFF equ 0x0
   547  0000                     global __CFG_EBTR3$OFF
   548                           __CFG_EBTR3$OFF equ 0x0
   549  0000                     global __CFG_EBTRB$OFF
   550                           __CFG_EBTRB$OFF equ 0x0
   551  0000                     	file	"C:\Users\PROPIE~1\AppData\Local\Temp\s28g."
   552                           	line	#
   553                           psect	cinit,class=CODE,delta=1,reloc=2
   554                           global __pcinit
   555                           __pcinit:
   556  007E02                     global start_initialization
   557                           start_initialization:
   558  007E02                     
   559                           global __initialization
   560                           __initialization:
   561  007E02                     psect	dataCOMRAM,class=COMRAM,space=1,noexec
   562                           global __pdataCOMRAM
   563                           __pdataCOMRAM:
   564  00001E                     	file	"Lab_Dir2.c"
   565                           	line	91
   566                           main@F3480:
   567  00001E                            ds      20
   568  00001E                     	file	"C:\Users\PROPIE~1\AppData\Local\Temp\s28g."
   569                           	line	#
   570                           psect	cinit
   571                           ; Initialize objects allocated to COMRAM (20 bytes)
   572                           	global __pidataCOMRAM
   573                           	; load TBLPTR registers with __pidataCOMRAM
   574                           	movlw	low (__pidataCOMRAM)
   575  007E02  0EEE               	movwf	tblptrl
   576  007E04  6EF6               	movlw	high(__pidataCOMRAM)
   577  007E06  0E7D               	movwf	tblptrh
   578  007E08  6EF7               	movlw	low highword(__pidataCOMRAM)
   579  007E0A  0E00               	movwf	tblptru
   580  007E0C  6EF8               	lfsr	0,__pdataCOMRAM
   581  007E0E  EE00  F01E         	lfsr	1,20
   582  007E12  EE10 F014          	copy_data0:
   583  007E16                     	tblrd	*+
   584  007E16  0009               	movff	tablat, postinc0
   585  007E18  CFF5 FFEE          	movf	postdec1,w
   586  007E1C  50E5               	movf	fsr1l,w
   587  007E1E  50E1               	bnz	copy_data0
   588  007E20  E1FA               psect cinit,class=CODE,delta=1
   589                           global end_of_initialization,__end_of__initialization
   590                           
   591                           ;End of C runtime variable initialization code
   592                           
   593                           end_of_initialization:
   594  007E22                     __end_of__initialization:
   595  007E22                     movlb 0
   596  007E22  0100               goto _main	;jump to C main() function
   597  007E24  EF14  F03F         psect	cstackCOMRAM,class=COMRAM,space=1,noexec
   598                           global __pcstackCOMRAM
   599                           __pcstackCOMRAM:
   600  000001                     ?_main:	; 2 bytes @ 0x0
   601  000001                     main@argc:	; 2 bytes @ 0x0
   602  000001                     	ds   2
   603  000001                     main@argv:	; 3 bytes @ 0x2
   604  000003                     	ds   3
   605  000003                     ??_main:	; 1 bytes @ 0x5
   606  000006                     	ds   2
   607  000006                     	global	main@c
   608                           main@c:	; 20 bytes @ 0x7
   609  000008                     	ds   20
   610  000008                     	global	main@a
   611                           main@a:	; 2 bytes @ 0x1B
   612  00001C                     	ds   2
   613  00001C                     ;!
   614                           ;!Data Sizes:
   615                           ;!    Strings     0
   616                           ;!    Constant    0
   617                           ;!    Data        20
   618                           ;!    BSS         0
   619                           ;!    Persistent  0
   620                           ;!    Stack       0
   621                           ;!
   622                           ;!Auto Spaces:
   623                           ;!    Space          Size  Autos    Used
   624                           ;!    COMRAM           95     29      49
   625                           ;!    BANK0           160      0       0
   626                           ;!    BANK1           256      0       0
   627                           ;!    BANK2           256      0       0
   628                           ;!    BANK3           256      0       0
   629                           ;!    BANK4           256      0       0
   630                           ;!    BANK5           256      0       0
   631                           ;!    BANK6           256      0       0
   632                           ;!    BANK7           256      0       0
   633                           
   634                           ;!
   635                           ;!Pointer List with Targets:
   636                           ;!
   637                           ;!    None.
   638                           
   639                           
   640                           ;!
   641                           ;!Critical Paths under _main in COMRAM
   642                           ;!
   643                           ;!    None.
   644                           ;!
   645                           ;!Critical Paths under _main in BANK0
   646                           ;!
   647                           ;!    None.
   648                           ;!
   649                           ;!Critical Paths under _main in BANK1
   650                           ;!
   651                           ;!    None.
   652                           ;!
   653                           ;!Critical Paths under _main in BANK2
   654                           ;!
   655                           ;!    None.
   656                           ;!
   657                           ;!Critical Paths under _main in BANK3
   658                           ;!
   659                           ;!    None.
   660                           ;!
   661                           ;!Critical Paths under _main in BANK4
   662                           ;!
   663                           ;!    None.
   664                           ;!
   665                           ;!Critical Paths under _main in BANK5
   666                           ;!
   667                           ;!    None.
   668                           ;!
   669                           ;!Critical Paths under _main in BANK6
   670                           ;!
   671                           ;!    None.
   672                           ;!
   673                           ;!Critical Paths under _main in BANK7
   674                           ;!
   675                           ;!    None.
   676                           
   677 ;;
   678 ;;Main: autosize = 0, tempsize = 2, incstack = 0, save=0
   679 ;;
   680                           
   681                           ;!
   682                           ;!Call Graph Tables:
   683                           ;!
   684                           ;! ---------------------------------------------------------------------------------
   685                           ;! (Depth) Function   	        Calls       Base Space   Used Autos Params    Refs
   686                           ;! ---------------------------------------------------------------------------------
   687                           ;! (0) _main                                                29    24      5     183
   688                           ;!                                              0 COMRAM    29    24      5
   689                           ;! ---------------------------------------------------------------------------------
   690                           ;! Estimated maximum stack depth 0
   691                           ;! ---------------------------------------------------------------------------------
   692                           ;!
   693                           ;! Call Graph Graphs:
   694                           ;!
   695                           ;! _main (ROOT)
   696                           ;!
   697                           
   698                           ;! Address spaces:
   699                           
   700                           ;!Name               Size   Autos  Total    Cost      Usage
   701                           ;!BIGRAM             7FF      0       0      21        0.0%
   702                           ;!EEDATA             100      0       0       0        0.0%
   703                           ;!BITBANK7           100      0       0      18        0.0%
   704                           ;!BANK7              100      0       0      19        0.0%
   705                           ;!BITBANK6           100      0       0      16        0.0%
   706                           ;!BANK6              100      0       0      17        0.0%
   707                           ;!BITBANK5           100      0       0      14        0.0%
   708                           ;!BANK5              100      0       0      15        0.0%
   709                           ;!BITBANK4           100      0       0      12        0.0%
   710                           ;!BANK4              100      0       0      13        0.0%
   711                           ;!BITBANK3           100      0       0      10        0.0%
   712                           ;!BANK3              100      0       0      11        0.0%
   713                           ;!BITBANK2           100      0       0       8        0.0%
   714                           ;!BANK2              100      0       0       9        0.0%
   715                           ;!BITBANK1           100      0       0       6        0.0%
   716                           ;!BANK1              100      0       0       7        0.0%
   717                           ;!BITBANK0            A0      0       0       4        0.0%
   718                           ;!BANK0               A0      0       0       5        0.0%
   719                           ;!BITCOMRAM           5F      0       0       0        0.0%
   720                           ;!COMRAM              5F     1D      31       1       51.6%
   721                           ;!BITSFR               0      0       0     200        0.0%
   722                           ;!SFR                  0      0       0     200        0.0%
   723                           ;!STACK                0      0       0       2        0.0%
   724                           ;!NULL                 0      0       0       0        0.0%
   725                           ;!ABS                  0      0      31      20        0.0%
   726                           ;!DATA                 0      0      31       3        0.0%
   727                           ;!CODE                 0      0       0       0        0.0%
   728                           
   729                           	global	_main
   730                           
   731 ;; *************** function _main *****************
   732 ;; Defined at:
   733 ;;		line 88 in file "Lab_Dir2.c"
   734 ;; Parameters:    Size  Location     Type
   735 ;;  argc            2    0[COMRAM] int 
   736 ;;  argv            3    2[COMRAM] PTR PTR unsigned char 
   737 ;; Auto vars:     Size  Location     Type
   738 ;;  c              20    7[COMRAM] int [10]
   739 ;;  a               2   27[COMRAM] int 
   740 ;; Return value:  Size  Location     Type
   741 ;;                  2    0[COMRAM] int 
   742 ;; Registers used:
   743 ;;		wreg, fsr1l, fsr1h, fsr2l, fsr2h, status,2, status,0
   744 ;; Tracked objects:
   745 ;;		On entry : 0/0
   746 ;;		On exit  : 0/0
   747 ;;		Unchanged: 0/0
   748 ;; Data sizes:     COMRAM   BANK0   BANK1   BANK2   BANK3   BANK4   BANK5   BANK6   BANK7
   749 ;;      Params:         5       0       0       0       0       0       0       0       0
   750 ;;      Locals:        22       0       0       0       0       0       0       0       0
   751 ;;      Temps:          2       0       0       0       0       0       0       0       0
   752 ;;      Totals:        29       0       0       0       0       0       0       0       0
   753 ;;Total ram usage:       29 bytes
   754 ;; This function calls:
   755 ;;		Nothing
   756 ;; This function is called by:
   757 ;;		Startup code after reset
   758 ;; This function uses a non-reentrant model
   759 ;;
   760                           psect	text0,class=CODE,space=0,reloc=2,group=0
   761                           	file	"Lab_Dir2.c"
   762                           	line	88
   763                           global __ptext0
   764                           __ptext0:
   765  007E28                     psect	text0
   766                           	file	"Lab_Dir2.c"
   767                           	line	88
   768                           	global	__size_of_main
   769                           	__size_of_main	equ	__end_of_main-_main
   770  0000                     	
   771                           _main:
   772  007E28                     ;incstack = 0
   773                           	opt	stack 31
   774                           	line	92
   775                           	
   776                           l776:
   777  007E28                     ;Lab_Dir2.c: 88: int main(int argc, char** argv);Lab_Dir2.c: 89: {;Lab_Dir2.c: 91:     i
                                 nt a;;Lab_Dir2.c: 92:     int c[10]={0x40,0xF9,0x24,0x30,0x19,0x12,0x02,0xF8,0x00,0x10};
                                 
   778                           	lfsr	2,(main@F3480)
   779  007E28  EE20  F01E         	lfsr	1,(main@c)
   780  007E2C  EE10  F008         	movlw	20-1
   781  007E30  0E13               u141:
   782  007E32                     	movff	plusw2,plusw1
   783  007E32  CFDB FFE3          	decf	wreg
   784  007E36  06E8               	bc	u141
   785  007E38  E2FC               
   786                           	line	93
   787                           	
   788                           l778:
   789  007E3A                     ;Lab_Dir2.c: 93:     TRISC=3;
   790                           	movlw	low(03h)
   791  007E3A  0E03               	movwf	((c:3988)),c	;volatile
   792  007E3C  6E94               	line	94
   793                           	
   794                           l780:
   795  007E3E                     ;Lab_Dir2.c: 94:     TRISD=0;
   796                           	movlw	low(0)
   797  007E3E  0E00               	movwf	((c:3989)),c	;volatile
   798  007E40  6E95               	line	95
   799                           	
   800                           l782:
   801  007E42                     ;Lab_Dir2.c: 95:     PORTD=0x40;
   802                           	movlw	low(040h)
   803  007E42  0E40               	movwf	((c:3971)),c	;volatile
   804  007E44  6E83               	goto	l784
   805  007E46  EF25  F03F         	line	97
   806                           ;Lab_Dir2.c: 97: INICIO:
   807                           	
   808                           l17:
   809  007E4A                     	line	98
   810                           	
   811                           l784:
   812  007E4A                     ;Lab_Dir2.c: 98:     if(PORTC==0)goto UP;
   813                           	movf	((c:3970)),c,w	;volatile
   814  007E4A  5082               	btfss	status,2
   815  007E4C  A4D8               	goto	u151
   816  007E4E  EF2B  F03F         	goto	u150
   817  007E52  EF2D  F03F         u151:
   818  007E56                     	goto	l788
   819  007E56  EF31  F03F         u150:
   820  007E5A                     	goto	l792
   821  007E5A  EF3F  F03F         	
   822                           l786:
   823  007E5E                     	goto	l792
   824  007E5E  EF3F  F03F         	
   825                           l18:
   826  007E62                     	line	99
   827                           	
   828                           l788:
   829  007E62                     ;Lab_Dir2.c: 99:     if(PORTC==1)goto DN;
   830                           		decf	((c:3970)),c,w	;volatile
   831  007E62  0482               	btfss	status,2
   832  007E64  A4D8               	goto	u161
   833  007E66  EF37  F03F         	goto	u160
   834  007E6A  EF39  F03F         
   835                           u161:
   836  007E6E                     	goto	l792
   837  007E6E  EF3F  F03F         u160:
   838  007E72                     	goto	l814
   839  007E72  EFA5  F03F         	
   840                           l790:
   841  007E76                     	goto	l814
   842  007E76  EFA5  F03F         	
   843                           l20:
   844  007E7A                     	goto	l792
   845  007E7A  EF3F  F03F         	line	101
   846                           ;Lab_Dir2.c: 101:     UP:
   847                           	
   848                           l19:
   849  007E7E                     	line	102
   850                           	
   851                           l792:
   852  007E7E                     ;Lab_Dir2.c: 102:     for(a=0;a<10;a++)
   853                           	movlw	high(0)
   854  007E7E  0E00               	movwf	((c:main@a+1)),c
   855  007E80  6E1D               	movlw	low(0)
   856  007E82  0E00               	movwf	((c:main@a)),c
   857  007E84  6E1C               	
   858                           l794:
   859  007E86                     	btfsc	((c:main@a+1)),c,7
   860  007E86  BE1D               	goto	u171
   861  007E88  EF4F  F03F         	movf	((c:main@a+1)),c,w
   862  007E8C  501D               	bnz	u170
   863  007E8E  E109               	movlw	10
   864  007E90  0E0A               	subwf	 ((c:main@a)),c,w
   865  007E92  5C1C               	btfss	status,0
   866  007E94  A0D8               	goto	u171
   867  007E96  EF4F  F03F         	goto	u170
   868  007E9A  EF51  F03F         
   869                           u171:
   870  007E9E                     	goto	l798
   871  007E9E  EF57  F03F         u170:
   872  007EA2                     	goto	l784
   873  007EA2  EF25  F03F         	
   874                           l796:
   875  007EA6                     	goto	l784
   876  007EA6  EF25  F03F         	
   877                           l22:
   878  007EAA                     	goto	l798
   879  007EAA  EF57  F03F         	line	104
   880                           ;Lab_Dir2.c: 103:     {;Lab_Dir2.c: 104: LEE1: if(PORTC==2 || PORTC==3) goto LEE1;
   881                           	
   882                           l24:
   883  007EAE                     	
   884                           l798:
   885  007EAE                     		movlw	2
   886  007EAE  0E02               	xorwf	((c:3970)),c,w	;volatile
   887  007EB0  1882               	btfsc	status,2
   888  007EB2  B4D8               	goto	u181
   889  007EB4  EF5E  F03F         	goto	u180
   890  007EB8  EF60  F03F         
   891                           u181:
   892  007EBC                     	goto	l798
   893  007EBC  EF57  F03F         u180:
   894  007EC0                     	
   895                           l800:
   896  007EC0                     		movlw	3
   897  007EC0  0E03               	xorwf	((c:3970)),c,w	;volatile
   898  007EC2  1882               	btfss	status,2
   899  007EC4  A4D8               	goto	u191
   900  007EC6  EF67  F03F         	goto	u190
   901  007ECA  EF69  F03F         
   902                           u191:
   903  007ECE                     	goto	l802
   904  007ECE  EF6D  F03F         u190:
   905  007ED2                     	goto	l798
   906  007ED2  EF57  F03F         	
   907                           l27:
   908  007ED6                     	goto	l798
   909  007ED6  EF57  F03F         	
   910                           l25:
   911  007EDA                     	line	105
   912                           	
   913                           l802:
   914  007EDA                     ;Lab_Dir2.c: 105:         PORTD=c[a];
   915                           	bcf	status,0
   916  007EDA  90D8               	rlcf	((c:main@a)),c,w
   917  007EDC  341C               	movwf	fsr2l
   918  007EDE  6ED9               	rlcf	((c:main@a+1)),c,w
   919  007EE0  341D               	movwf	fsr2h
   920  007EE2  6EDA               	movlw	low(main@c)
   921  007EE4  0E08               	addwf	fsr2l
   922  007EE6  26D9               	movlw	high(main@c)
   923  007EE8  0E00               	addwfc	fsr2h
   924  007EEA  22DA               	movf	indf2,w
   925  007EEC  50DF               	movwf	((c:3971)),c	;volatile
   926  007EEE  6E83               	line	106
   927                           	
   928                           l804:
   929  007EF0                     ;Lab_Dir2.c: 106:         _delay((unsigned long)((500)*(4000000/4000.0)));
   930                           	opt asmopt_push
   931                           opt asmopt_off
   932                           movlw  3
   933  007EF0  0E03               movwf	(??_main+0+0+1)&0ffh,c,f
   934  007EF2  6E07               movlw	138
   935  007EF4  0E8A               movwf	(??_main+0+0)&0ffh,c,f
   936  007EF6  6E06               	movlw	86
   937  007EF8  0E56               u277:
   938  007EFA                     decfsz	wreg,f
   939  007EFA  2EE8               	bra	u277
   940  007EFC  D7FE               	decfsz	(??_main+0+0)&0ffh,c,f
   941  007EFE  2E06               	bra	u277
   942  007F00  D7FC               	decfsz	(??_main+0+0+1)&0ffh,c,f
   943  007F02  2E07               	bra	u277
   944  007F04  D7FA               opt asmopt_pop
   945                           
   946                           	line	107
   947                           	
   948                           l806:
   949  007F06                     ;Lab_Dir2.c: 107:         if(PORTC==1)goto DN2;
   950                           		decf	((c:3970)),c,w	;volatile
   951  007F06  0482               	btfss	status,2
   952  007F08  A4D8               	goto	u201
   953  007F0A  EF89  F03F         	goto	u200
   954  007F0E  EF8B  F03F         
   955                           u201:
   956  007F12                     	goto	l810
   957  007F12  EF91  F03F         u200:
   958  007F16                     	goto	l832
   959  007F16  EFF0  F03F         	
   960                           l808:
   961  007F1A                     	goto	l832
   962  007F1A  EFF0  F03F         	
   963                           l28:
   964  007F1E                     	goto	l810
   965  007F1E  EF91  F03F         	line	108
   966                           ;Lab_Dir2.c: 108: UP2:;
   967                           	
   968                           l30:
   969  007F22                     	line	109
   970                           	
   971                           l810:
   972  007F22                     ;Lab_Dir2.c: 109:     }
   973                           	infsnz	((c:main@a)),c
   974  007F22  4A1C               	incf	((c:main@a+1)),c
   975  007F24  2A1D               	
   976                           l812:
   977  007F26                     	btfsc	((c:main@a+1)),c,7
   978  007F26  BE1D               	goto	u211
   979  007F28  EF9F  F03F         	movf	((c:main@a+1)),c,w
   980  007F2C  501D               	bnz	u210
   981  007F2E  E109               	movlw	10
   982  007F30  0E0A               	subwf	 ((c:main@a)),c,w
   983  007F32  5C1C               	btfss	status,0
   984  007F34  A0D8               	goto	u211
   985  007F36  EF9F  F03F         	goto	u210
   986  007F3A  EFA1  F03F         
   987                           u211:
   988  007F3E                     	goto	l798
   989  007F3E  EF57  F03F         u210:
   990  007F42                     	goto	l784
   991  007F42  EF25  F03F         	
   992                           l23:
   993  007F46                     	line	110
   994                           ;Lab_Dir2.c: 110:     goto INICIO;
   995                           	goto	l784
   996  007F46  EF25  F03F         	line	112
   997                           ;Lab_Dir2.c: 112:     DN:
   998                           	
   999                           l21:
  1000  007F4A                     	line	113
  1001                           	
  1002                           l814:
  1003  007F4A                     ;Lab_Dir2.c: 113:     for(a=9;a>=0;a--)
  1004                           	movlw	high(09h)
  1005  007F4A  0E00               	movwf	((c:main@a+1)),c
  1006  007F4C  6E1D               	movlw	low(09h)
  1007  007F4E  0E09               	movwf	((c:main@a)),c
  1008  007F50  6E1C               	
  1009                           l816:
  1010  007F52                     	btfsc	((c:main@a+1)),c,7
  1011  007F52  BE1D               	goto	u220
  1012  007F54  EFB0  F03F         	goto	u221
  1013  007F58  EFAE  F03F         
  1014                           u221:
  1015  007F5C                     	goto	l820
  1016  007F5C  EFB6  F03F         u220:
  1017  007F60                     	goto	l784
  1018  007F60  EF25  F03F         	
  1019                           l818:
  1020  007F64                     	goto	l784
  1021  007F64  EF25  F03F         	
  1022                           l31:
  1023  007F68                     	goto	l820
  1024  007F68  EFB6  F03F         	line	115
  1025                           ;Lab_Dir2.c: 114:     {;Lab_Dir2.c: 115: LEE2: if(PORTC==2 || PORTC==3) goto LEE2;
  1026                           	
  1027                           l33:
  1028  007F6C                     	
  1029                           l820:
  1030  007F6C                     		movlw	2
  1031  007F6C  0E02               	xorwf	((c:3970)),c,w	;volatile
  1032  007F6E  1882               	btfsc	status,2
  1033  007F70  B4D8               	goto	u231
  1034  007F72  EFBD  F03F         	goto	u230
  1035  007F76  EFBF  F03F         
  1036                           u231:
  1037  007F7A                     	goto	l820
  1038  007F7A  EFB6  F03F         u230:
  1039  007F7E                     	
  1040                           l822:
  1041  007F7E                     		movlw	3
  1042  007F7E  0E03               	xorwf	((c:3970)),c,w	;volatile
  1043  007F80  1882               	btfss	status,2
  1044  007F82  A4D8               	goto	u241
  1045  007F84  EFC6  F03F         	goto	u240
  1046  007F88  EFC8  F03F         
  1047                           u241:
  1048  007F8C                     	goto	l824
  1049  007F8C  EFCC  F03F         u240:
  1050  007F90                     	goto	l820
  1051  007F90  EFB6  F03F         	
  1052                           l36:
  1053  007F94                     	goto	l820
  1054  007F94  EFB6  F03F         	
  1055                           l34:
  1056  007F98                     	line	116
  1057                           	
  1058                           l824:
  1059  007F98                     ;Lab_Dir2.c: 116:         PORTD=c[a];
  1060                           	bcf	status,0
  1061  007F98  90D8               	rlcf	((c:main@a)),c,w
  1062  007F9A  341C               	movwf	fsr2l
  1063  007F9C  6ED9               	rlcf	((c:main@a+1)),c,w
  1064  007F9E  341D               	movwf	fsr2h
  1065  007FA0  6EDA               	movlw	low(main@c)
  1066  007FA2  0E08               	addwf	fsr2l
  1067  007FA4  26D9               	movlw	high(main@c)
  1068  007FA6  0E00               	addwfc	fsr2h
  1069  007FA8  22DA               	movf	indf2,w
  1070  007FAA  50DF               	movwf	((c:3971)),c	;volatile
  1071  007FAC  6E83               	line	117
  1072                           	
  1073                           l826:
  1074  007FAE                     ;Lab_Dir2.c: 117:         _delay((unsigned long)((500)*(4000000/4000.0)));
  1075                           	opt asmopt_push
  1076                           opt asmopt_off
  1077                           movlw  3
  1078  007FAE  0E03               movwf	(??_main+0+0+1)&0ffh,c,f
  1079  007FB0  6E07               movlw	138
  1080  007FB2  0E8A               movwf	(??_main+0+0)&0ffh,c,f
  1081  007FB4  6E06               	movlw	86
  1082  007FB6  0E56               u287:
  1083  007FB8                     decfsz	wreg,f
  1084  007FB8  2EE8               	bra	u287
  1085  007FBA  D7FE               	decfsz	(??_main+0+0)&0ffh,c,f
  1086  007FBC  2E06               	bra	u287
  1087  007FBE  D7FC               	decfsz	(??_main+0+0+1)&0ffh,c,f
  1088  007FC0  2E07               	bra	u287
  1089  007FC2  D7FA               opt asmopt_pop
  1090                           
  1091                           	line	118
  1092                           	
  1093                           l828:
  1094  007FC4                     ;Lab_Dir2.c: 118:         if(PORTC==0)goto UP2;
  1095                           	movf	((c:3970)),c,w	;volatile
  1096  007FC4  5082               	btfss	status,2
  1097  007FC6  A4D8               	goto	u251
  1098  007FC8  EFE8  F03F         	goto	u250
  1099  007FCC  EFEA  F03F         u251:
  1100  007FD0                     	goto	l832
  1101  007FD0  EFF0  F03F         u250:
  1102  007FD4                     	goto	l810
  1103  007FD4  EF91  F03F         	
  1104                           l830:
  1105  007FD8                     	goto	l810
  1106  007FD8  EF91  F03F         	
  1107                           l37:
  1108  007FDC                     	goto	l832
  1109  007FDC  EFF0  F03F         	line	119
  1110                           ;Lab_Dir2.c: 119: DN2:;
  1111                           	
  1112                           l29:
  1113  007FE0                     	line	120
  1114                           	
  1115                           l832:
  1116  007FE0                     ;Lab_Dir2.c: 120:     }
  1117                           	decf	((c:main@a)),c
  1118  007FE0  061C               	btfss	status,0
  1119  007FE2  A0D8               	decf	((c:main@a+1)),c
  1120  007FE4  061D               	
  1121                           l834:
  1122  007FE6                     	btfsc	((c:main@a+1)),c,7
  1123  007FE6  BE1D               	goto	u260
  1124  007FE8  EFFA  F03F         	goto	u261
  1125  007FEC  EFF8  F03F         
  1126                           u261:
  1127  007FF0                     	goto	l820
  1128  007FF0  EFB6  F03F         u260:
  1129  007FF4                     	goto	l784
  1130  007FF4  EF25  F03F         	
  1131                           l32:
  1132  007FF8                     	line	121
  1133                           ;Lab_Dir2.c: 121:     goto INICIO;
  1134                           	goto	l784
  1135  007FF8  EF25  F03F         	line	145
  1136                           	
  1137                           l836:
  1138  007FFC                     	line	146
  1139                           ;Lab_Dir2.c: 145:     return (0);;	Return value of _main is never used
  1140                           	
  1141                           l38:
  1142  007FFC                     	global	start
  1143                           	goto	start
  1144  007FFC  EF00  F000         	opt stack 0
  1145                           GLOBAL	__end_of_main
  1146                           	__end_of_main:
  1147  008000                     	signat	_main,8314
  1148                           	GLOBAL	__activetblptr
  1149                           __activetblptr	EQU	0
  1150  0000                     	psect	intsave_regs,class=BIGRAM,space=1,noexec
  1151                           	PSECT	rparam,class=COMRAM,space=1,noexec
  1152                           	GLOBAL	__Lrparam
  1153                           	FNCONF	rparam,??,?
  1154                           	GLOBAL	___rparam_used
  1155                           	___rparam_used EQU 1
  1156  0000                     	GLOBAL	___param_bank
  1157                           	___param_bank EQU 0
  1158  0000                     GLOBAL	__Lparam, __Hparam
  1159                           GLOBAL	__Lrparam, __Hrparam
  1160                           __Lparam	EQU	__Lrparam
  1161  0000                     __Hparam	EQU	__Hrparam
  1162  0000                     	end


Data Sizes:
    Strings     0
    Constant    0
    Data        20
    BSS         0
    Persistent  0
    Stack       0

Auto Spaces:
    Space          Size  Autos    Used
    COMRAM           95     29      49
    BANK0           160      0       0
    BANK1           256      0       0
    BANK2           256      0       0
    BANK3           256      0       0
    BANK4           256      0       0
    BANK5           256      0       0
    BANK6           256      0       0
    BANK7           256      0       0

Pointer List with Targets:

    None.

Critical Paths under _main in COMRAM

    None.

Critical Paths under _main in BANK0

    None.

Critical Paths under _main in BANK1

    None.

Critical Paths under _main in BANK2

    None.

Critical Paths under _main in BANK3

    None.

Critical Paths under _main in BANK4

    None.

Critical Paths under _main in BANK5

    None.

Critical Paths under _main in BANK6

    None.

Critical Paths under _main in BANK7

    None.

Call Graph Tables:

 ---------------------------------------------------------------------------------
 (Depth) Function   	        Calls       Base Space   Used Autos Params    Refs
 ---------------------------------------------------------------------------------
 (0) _main                                                29    24      5     183
                                              0 COMRAM    29    24      5
 ---------------------------------------------------------------------------------
 Estimated maximum stack depth 0
 ---------------------------------------------------------------------------------

 Call Graph Graphs:

 _main (ROOT)

 Address spaces:
Name               Size   Autos  Total    Cost      Usage
BIGRAM             7FF      0       0      21        0.0%
EEDATA             100      0       0       0        0.0%
BITBANK7           100      0       0      18        0.0%
BANK7              100      0       0      19        0.0%
BITBANK6           100      0       0      16        0.0%
BANK6              100      0       0      17        0.0%
BITBANK5           100      0       0      14        0.0%
BANK5              100      0       0      15        0.0%
BITBANK4           100      0       0      12        0.0%
BANK4              100      0       0      13        0.0%
BITBANK3           100      0       0      10        0.0%
BANK3              100      0       0      11        0.0%
BITBANK2           100      0       0       8        0.0%
BANK2              100      0       0       9        0.0%
BITBANK1           100      0       0       6        0.0%
BANK1              100      0       0       7        0.0%
BITBANK0            A0      0       0       4        0.0%
BANK0               A0      0       0       5        0.0%
BITCOMRAM           5F      0       0       0        0.0%
COMRAM              5F     1D      31       1       51.6%
BITSFR               0      0       0     200        0.0%
SFR                  0      0       0     200        0.0%
STACK                0      0       0       2        0.0%
NULL                 0      0       0       0        0.0%
ABS                  0      0      31      20        0.0%
DATA                 0      0      31       3        0.0%
CODE                 0      0       0       0        0.0%


Microchip Technology PIC18 Macro Assembler V2.00 build -1524193055 
Symbol Table                                                                                   Mon Sep 10 17:36:33 2018

                     l20 7E7A                       l21 7F4A                       l30 7F22  
                     l22 7EAA                       l31 7F68                       l23 7F46  
                     l32 7FF8                       l24 7EAE                       l33 7F6C  
                     l25 7EDA                       l17 7E4A                       l34 7F98  
                     l18 7E62                       l27 7ED6                       l19 7E7E  
                     l36 7F94                       l28 7F1E                       l29 7FE0  
                     l37 7FDC                       l38 7FFC              __CFG_BOR$ON 000000  
            __CFG_BORV$3 000000             __CFG_CP0$OFF 000000             __CFG_CP1$OFF 000000  
           __CFG_CP2$OFF 000000             __CFG_CP3$OFF 000000              __CFG_LVP$ON 000000  
                    l800 7EC0                      l810 7F22                      l802 7EDA  
                    l820 7F6C                      l812 7F26                      l804 7EF0  
                    l830 7FD8                      l822 7F7E                      l806 7F06  
                    l814 7F4A                      l824 7F98                      l816 7F52  
                    l808 7F1A                      l832 7FE0                      l834 7FE6  
                    l826 7FAE                      l818 7F64                      l836 7FFC  
                    l828 7FC4                      l780 7E3E                      l790 7E76  
                    l782 7E42                      l792 7E7E                      l784 7E4A  
                    l776 7E28                      l794 7E86                      l786 7E5E  
                    l778 7E3A                      l796 7EA6                      l788 7E62  
                    l798 7EAE             __CFG_CPB$OFF 000000                      u200 7F16  
                    u201 7F12                      u210 7F42                      u211 7F3E  
                    u220 7F60                      u221 7F5C                      u141 7E32  
                    u230 7F7E                      u150 7E5A                      u231 7F7A  
                    u151 7E56                      u240 7F90                      u160 7E72  
                    u241 7F8C                      u161 7E6E                      u250 7FD4  
                    u170 7EA2                      u251 7FD0                      u171 7E9E  
                    u260 7FF4                      u180 7EC0                      u261 7FF0  
                    u181 7EBC                      u190 7ED2                      u191 7ECE  
           __CFG_CPD$OFF 000000                      u277 7EFA                      u287 7FB8  
                    wreg 000FE8             __CFG_WDT$OFF 000000                     _main 7E28  
                   fsr2h 000FDA                     indf2 000FDF                     fsr1l 000FE1  
                   fsr2l 000FD9                     start 0000            __CFG_IESO$OFF 000000  
          __CFG_MCLRE$ON 000000             ___param_bank 000000            __CFG_PLLDIV$1 000000  
         __CFG_CCP2MX$ON 000000                    ?_main 0001                    _PORTC 000F82  
                  _PORTD 000F83            __CFG_USBDIV$1 000000                    _TRISC 000F94  
                  _TRISD 000F95            __CFG_PWRT$OFF 000000            __CFG_WRT0$OFF 000000  
          __CFG_WRT1$OFF 000000            __CFG_WRT2$OFF 000000            __CFG_WRT3$OFF 000000  
         __CFG_EBTR0$OFF 000000           __CFG_FCMEN$OFF 000000           __CFG_EBTR1$OFF 000000  
         __CFG_EBTR2$OFF 000000           __CFG_EBTR3$OFF 000000            __CFG_WRTB$OFF 000000  
          __CFG_WRTC$OFF 000000            __CFG_WRTD$OFF 000000           __CFG_EBTRB$OFF 000000  
                  main@a 001C                    main@c 0008                    tablat 000FF5  
                  plusw1 000FE3                    plusw2 000FDB                    status 000FD8  
         __CFG_ICPRT$OFF 000000           __CFG_PBADEN$ON 000000          __initialization 7E02  
           __end_of_main 8000                   ??_main 0006            __activetblptr 000000  
         __CFG_XINST$OFF 000000           __CFG_STVREN$ON 000000             __pdataCOMRAM 001E  
                 tblptrh 000FF7                   tblptrl 000FF6                   tblptru 000FF8  
             __accesstop 0060  __end_of__initialization 7E22          __CFG_FOSC$XT_XT 000000  
          ___rparam_used 000001           __pcstackCOMRAM 0001          __CFG_VREGEN$OFF 000000  
                __Hparam 0000                  __Lparam 0000                  __pcinit 7E02  
                __ramtop 0800                  __ptext0 7E28     end_of_initialization 7E22  
                postdec1 000FE5                  postinc0 000FEE            __pidataCOMRAM 7DEE  
    start_initialization 7E02         __CFG_LPT1OSC$OFF 000000         __CFG_WDTPS$32768 000000  
              main@F3480 001E                copy_data0 7E16                 __Hrparam 0000  
               __Lrparam 0000            __size_of_main 01D8                 main@argc 0001  
               main@argv 0003    __CFG_CPUDIV$OSC1_PLL2 000000  
