

Microchip Technology PIC18 LITE Macro Assembler V2.00 build -1524193055 
                                                                                               Tue Oct 09 14:56:55 2018

Microchip Technology Omniscient Code Generator v2.00 (Free mode) build 20180527130849
     1  0000                     
     2                           ; Version 2.00
     3                           ; Generated 27/05/2018 GMT
     4                           
     5                           ; 
     6                           ; Copyright © 2018, Microchip Technology Inc. and its subsidiaries ("Microchip")
     7                           ; All rights reserved.
     8                           ; 
     9                           ; This software is developed by Microchip Technology Inc. and its subsidiaries ("Microch
                                 ip").
    10                           ; 
    11                           ; Redistribution and use in source and binary forms, with or without modification, are
    12                           ; permitted provided that the following conditions are met:
    13                           ; 
    14                           ;     1. Redistributions of source code must retain the above copyright notice, this lis
                                 t of
    15                           ;        conditions and the following disclaimer.
    16                           ; 
    17                           ;     2. Redistributions in binary form must reproduce the above copyright notice, this 
                                 list
    18                           ;        of conditions and the following disclaimer in the documentation and/or other
    19                           ;        materials provided with the distribution.
    20                           ; 
    21                           ;     3. Microchip's name may not be used to endorse or promote products derived from th
                                 is
    22                           ;        software without specific prior written permission.
    23                           ; 
    24                           ; THIS SOFTWARE IS PROVIDED BY MICROCHIP "AS IS" AND ANY EXPRESS OR IMPLIED WARRANTIES,

    25                           ; INCLUDING, BUT NOT LIMITED TO, THE IMPLIED WARRANTIES OF MERCHANTABILITY AND FITNESS F
                                 OR
    26                           ; PURPOSE ARE DISCLAIMED.  IN NO EVENT SHALL MICROCHIP BE LIABLE FOR ANY DIRECT, INDIREC
                                 T,
    27                           ; INCIDENTAL, SPECIAL, EXEMPLARY, OR CONSEQUENTIAL DAMAGES (INCLUDING BUT NOT LIMITED TO
                                 
    28                           ; PROCUREMENT OF SUBSTITUTE GOODS OR SERVICES; LOSS OF USE, DATA OR PROFITS; OR BUSINESS
                                 
    29                           ; INTERRUPTION) HOWSOEVER CAUSED AND ON ANY THEORY OF LIABILITY, WHETHER IN CONTRACT, ST
                                 RICT
    30                           ; LIABILITY, OR TORT (INCLUDING NEGLIGENCE OR OTHERWISE) ARISING IN ANY WAY OUT OF THE U
                                 SE OF
    31                           ; THIS SOFTWARE, EVEN IF ADVISED OF THE POSSIBILITY OF SUCH DAMAGE.
    32                           ; 
    33                           
    34                           
    35                           ; 
    36                           ; Code-generator required, PIC18F4550 Definitions
    37                           ; 
    38  0000                     fsr0 equ 0FE9h
    39  0000                     fsr0h equ 0FEAh
    40  0000                     fsr0l equ 0FE9h
    41  0000                     fsr1 equ 0FE1h
    42  0000                     fsr1h equ 0FE2h
    43  0000                     fsr1l equ 0FE1h
    44  0000                     fsr2 equ 0FD9h
    45  0000                     fsr2h equ 0FDAh
    46  0000                     fsr2l equ 0FD9h
    47  0000                     indf0 equ 0FEFh
    48  0000                     indf1 equ 0FE7h
    49  0000                     indf2 equ 0FDFh
    50  0000                     intcon equ 0FF2h
    51  0000                     nvmcon equ 00h
    52  0000                     pcl equ 0FF9h
    53  0000                     pclath equ 0FFAh
    54  0000                     pclatu equ 0FFBh
    55  0000                     plusw0 equ 0FEBh
    56  0000                     plusw1 equ 0FE3h
    57  0000                     plusw2 equ 0FDBh
    58  0000                     postdec0 equ 0FEDh
    59  0000                     postdec1 equ 0FE5h
    60  0000                     postdec2 equ 0FDDh
    61  0000                     postinc0 equ 0FEEh
    62  0000                     postinc1 equ 0FE6h
    63  0000                     postinc2 equ 0FDEh
    64  0000                     preinc0 equ 0FECh
    65  0000                     preinc1 equ 0FE4h
    66  0000                     preinc2 equ 0FDCh
    67  0000                     prod equ 0FF3h
    68  0000                     prodh equ 0FF4h
    69  0000                     prodl equ 0FF3h
    70  0000                     status equ 0FD8h
    71  0000                     tablat equ 0FF5h
    72  0000                     tblptr equ 0FF6h
    73  0000                     tblptrh equ 0FF7h
    74  0000                     tblptrl equ 0FF6h
    75  0000                     tblptru equ 0FF8h
    76  0000                     tosl equ 0FFDh
    77  0000                     wreg equ 0FE8h
    78  0000                     
     2                           opt pagewidth 120
     3  0000                     byte0	macro	val
     4                           	(getbyte(val,0))
     5                           endm
     6  0000                     byte1	macro	val
     7                           	(getbyte(val,1))
     8                           endm
     9  0000                     byte2	macro	val
    10                           	(getbyte(val,2))
    11                           endm
    12  0000                     byte3	macro	val
    13                           	(getbyte(val,3))
    14                           endm
    15  0000                     byte4	macro	val
    16                           	(getbyte(val,4))
    17                           endm
    18  0000                     byte5	macro	val
    19                           	(getbyte(val,5))
    20                           endm
    21  0000                     byte6	macro	val
    22                           	(getbyte(val,6))
    23                           endm
    24  0000                     byte7	macro	val
    25                           	(getbyte(val,7))
    26                           endm
    27  0000                     getword	macro	val,pos
    28                           	(((val) >> (8 * pos)) and 0xffff)
    29                           endm
    30  0000                     word0	macro	val
    31                           	(getword(val,0))
    32                           endm
    33  0000                     word1	macro	val
    34                           	(getword(val,2))
    35                           endm
    36  0000                     word2	macro	val
    37                           	(getword(val,4))
    38                           endm
    39  0000                     word3	macro	val
    40                           	(getword(val,6))
    41                           endm
    42  0000                     gettword	macro	val,pos
    43                           	(((val) >> (8 * pos)) and 0xffffff)
    44                           endm
    45  0000                     tword0	macro	val
    46                           	(gettword(val,0))
    47                           endm
    48  0000                     tword1	macro	val
    49                           	(gettword(val,3))
    50                           endm
    51  0000                     tword2	macro	val
    52                           	(gettword(val,6))
    53                           endm
    54  0000                     getdword	macro	val,pos
    55                           	(((val) >> (8 * pos)) and 0xffffffff)
    56                           endm
    57  0000                     dword0	macro	val
    58                           	(getdword(val,0))
    59                           endm
    60  0000                     dword1	macro	val
    61                           	(getdword(val,4))
    62                           endm
    63  0000                     clrc   macro
    64                           	bcf	status,0
    65                           endm
    66  0000                     setc   macro
    67                           	bsf	status,0
    68                           endm
    69  0000                     clrz   macro
    70                           	bcf	status,2
    71                           endm
    72  0000                     setz   macro
    73                           	bsf	status,2
    74                           endm
    75  0000                     skipnz macro
    76                           	btfsc	status,2
    77                           endm
    78  0000                     skipz  macro
    79                           	btfss	status,2
    80                           endm
    81  0000                     skipnc macro
    82                           	btfsc	status,0
    83                           endm
    84  0000                     skipc  macro
    85                           	btfss	status,0
    86                           endm
    87  0000                     pushw macro
    88                           	movwf postinc1
    89                           endm
    90  0000                     pushf macro arg1
    91                           	movff arg1, postinc1
    92                           endm
    93  0000                     popw macro
    94                           	movf postdec1,f
    95                           	movf indf1,w
    96                           endm
    97  0000                     popf macro arg1
    98                           	movf postdec1,f
    99                           	movff indf1,arg1
   100                           endm
   101  0000                     popfc macro arg1
   102                           	movff plusw1,arg1
   103                           	decfsz fsr1,f
   104                           endm
   105  0000                     	global	__ramtop
   106                           	global	__accesstop
   107                           # 54 "C:\Program Files (x86)\Microchip\xc8\v2.00\pic\include\pic18f4550.h"
   108                           SPPDATA equ 0F62h ;# 
   109  0000                     # 74 "C:\Program Files (x86)\Microchip\xc8\v2.00\pic\include\pic18f4550.h"
   110                           SPPCFG equ 0F63h ;# 
   111  0000                     # 151 "C:\Program Files (x86)\Microchip\xc8\v2.00\pic\include\pic18f4550.h"
   112                           SPPEPS equ 0F64h ;# 
   113  0000                     # 225 "C:\Program Files (x86)\Microchip\xc8\v2.00\pic\include\pic18f4550.h"
   114                           SPPCON equ 0F65h ;# 
   115  0000                     # 251 "C:\Program Files (x86)\Microchip\xc8\v2.00\pic\include\pic18f4550.h"
   116                           UFRM equ 0F66h ;# 
   117  0000                     # 258 "C:\Program Files (x86)\Microchip\xc8\v2.00\pic\include\pic18f4550.h"
   118                           UFRML equ 0F66h ;# 
   119  0000                     # 336 "C:\Program Files (x86)\Microchip\xc8\v2.00\pic\include\pic18f4550.h"
   120                           UFRMH equ 0F67h ;# 
   121  0000                     # 376 "C:\Program Files (x86)\Microchip\xc8\v2.00\pic\include\pic18f4550.h"
   122                           UIR equ 0F68h ;# 
   123  0000                     # 432 "C:\Program Files (x86)\Microchip\xc8\v2.00\pic\include\pic18f4550.h"
   124                           UIE equ 0F69h ;# 
   125  0000                     # 488 "C:\Program Files (x86)\Microchip\xc8\v2.00\pic\include\pic18f4550.h"
   126                           UEIR equ 0F6Ah ;# 
   127  0000                     # 539 "C:\Program Files (x86)\Microchip\xc8\v2.00\pic\include\pic18f4550.h"
   128                           UEIE equ 0F6Bh ;# 
   129  0000                     # 590 "C:\Program Files (x86)\Microchip\xc8\v2.00\pic\include\pic18f4550.h"
   130                           USTAT equ 0F6Ch ;# 
   131  0000                     # 650 "C:\Program Files (x86)\Microchip\xc8\v2.00\pic\include\pic18f4550.h"
   132                           UCON equ 0F6Dh ;# 
   133  0000                     # 701 "C:\Program Files (x86)\Microchip\xc8\v2.00\pic\include\pic18f4550.h"
   134                           UADDR equ 0F6Eh ;# 
   135  0000                     # 765 "C:\Program Files (x86)\Microchip\xc8\v2.00\pic\include\pic18f4550.h"
   136                           UCFG equ 0F6Fh ;# 
   137  0000                     # 844 "C:\Program Files (x86)\Microchip\xc8\v2.00\pic\include\pic18f4550.h"
   138                           UEP0 equ 0F70h ;# 
   139  0000                     # 952 "C:\Program Files (x86)\Microchip\xc8\v2.00\pic\include\pic18f4550.h"
   140                           UEP1 equ 0F71h ;# 
   141  0000                     # 1060 "C:\Program Files (x86)\Microchip\xc8\v2.00\pic\include\pic18f4550.h"
   142                           UEP2 equ 0F72h ;# 
   143  0000                     # 1168 "C:\Program Files (x86)\Microchip\xc8\v2.00\pic\include\pic18f4550.h"
   144                           UEP3 equ 0F73h ;# 
   145  0000                     # 1276 "C:\Program Files (x86)\Microchip\xc8\v2.00\pic\include\pic18f4550.h"
   146                           UEP4 equ 0F74h ;# 
   147  0000                     # 1384 "C:\Program Files (x86)\Microchip\xc8\v2.00\pic\include\pic18f4550.h"
   148                           UEP5 equ 0F75h ;# 
   149  0000                     # 1492 "C:\Program Files (x86)\Microchip\xc8\v2.00\pic\include\pic18f4550.h"
   150                           UEP6 equ 0F76h ;# 
   151  0000                     # 1600 "C:\Program Files (x86)\Microchip\xc8\v2.00\pic\include\pic18f4550.h"
   152                           UEP7 equ 0F77h ;# 
   153  0000                     # 1708 "C:\Program Files (x86)\Microchip\xc8\v2.00\pic\include\pic18f4550.h"
   154                           UEP8 equ 0F78h ;# 
   155  0000                     # 1784 "C:\Program Files (x86)\Microchip\xc8\v2.00\pic\include\pic18f4550.h"
   156                           UEP9 equ 0F79h ;# 
   157  0000                     # 1860 "C:\Program Files (x86)\Microchip\xc8\v2.00\pic\include\pic18f4550.h"
   158                           UEP10 equ 0F7Ah ;# 
   159  0000                     # 1936 "C:\Program Files (x86)\Microchip\xc8\v2.00\pic\include\pic18f4550.h"
   160                           UEP11 equ 0F7Bh ;# 
   161  0000                     # 2012 "C:\Program Files (x86)\Microchip\xc8\v2.00\pic\include\pic18f4550.h"
   162                           UEP12 equ 0F7Ch ;# 
   163  0000                     # 2088 "C:\Program Files (x86)\Microchip\xc8\v2.00\pic\include\pic18f4550.h"
   164                           UEP13 equ 0F7Dh ;# 
   165  0000                     # 2164 "C:\Program Files (x86)\Microchip\xc8\v2.00\pic\include\pic18f4550.h"
   166                           UEP14 equ 0F7Eh ;# 
   167  0000                     # 2240 "C:\Program Files (x86)\Microchip\xc8\v2.00\pic\include\pic18f4550.h"
   168                           UEP15 equ 0F7Fh ;# 
   169  0000                     # 2316 "C:\Program Files (x86)\Microchip\xc8\v2.00\pic\include\pic18f4550.h"
   170                           PORTA equ 0F80h ;# 
   171  0000                     # 2455 "C:\Program Files (x86)\Microchip\xc8\v2.00\pic\include\pic18f4550.h"
   172                           PORTB equ 0F81h ;# 
   173  0000                     # 2565 "C:\Program Files (x86)\Microchip\xc8\v2.00\pic\include\pic18f4550.h"
   174                           PORTC equ 0F82h ;# 
   175  0000                     # 2707 "C:\Program Files (x86)\Microchip\xc8\v2.00\pic\include\pic18f4550.h"
   176                           PORTD equ 0F83h ;# 
   177  0000                     # 2828 "C:\Program Files (x86)\Microchip\xc8\v2.00\pic\include\pic18f4550.h"
   178                           PORTE equ 0F84h ;# 
   179  0000                     # 2975 "C:\Program Files (x86)\Microchip\xc8\v2.00\pic\include\pic18f4550.h"
   180                           LATA equ 0F89h ;# 
   181  0000                     # 3075 "C:\Program Files (x86)\Microchip\xc8\v2.00\pic\include\pic18f4550.h"
   182                           LATB equ 0F8Ah ;# 
   183  0000                     # 3187 "C:\Program Files (x86)\Microchip\xc8\v2.00\pic\include\pic18f4550.h"
   184                           LATC equ 0F8Bh ;# 
   185  0000                     # 3265 "C:\Program Files (x86)\Microchip\xc8\v2.00\pic\include\pic18f4550.h"
   186                           LATD equ 0F8Ch ;# 
   187  0000                     # 3377 "C:\Program Files (x86)\Microchip\xc8\v2.00\pic\include\pic18f4550.h"
   188                           LATE equ 0F8Dh ;# 
   189  0000                     # 3429 "C:\Program Files (x86)\Microchip\xc8\v2.00\pic\include\pic18f4550.h"
   190                           TRISA equ 0F92h ;# 
   191  0000                     # 3434 "C:\Program Files (x86)\Microchip\xc8\v2.00\pic\include\pic18f4550.h"
   192                           DDRA equ 0F92h ;# 
   193  0000                     # 3627 "C:\Program Files (x86)\Microchip\xc8\v2.00\pic\include\pic18f4550.h"
   194                           TRISB equ 0F93h ;# 
   195  0000                     # 3632 "C:\Program Files (x86)\Microchip\xc8\v2.00\pic\include\pic18f4550.h"
   196                           DDRB equ 0F93h ;# 
   197  0000                     # 3849 "C:\Program Files (x86)\Microchip\xc8\v2.00\pic\include\pic18f4550.h"
   198                           TRISC equ 0F94h ;# 
   199  0000                     # 3854 "C:\Program Files (x86)\Microchip\xc8\v2.00\pic\include\pic18f4550.h"
   200                           DDRC equ 0F94h ;# 
   201  0000                     # 4003 "C:\Program Files (x86)\Microchip\xc8\v2.00\pic\include\pic18f4550.h"
   202                           TRISD equ 0F95h ;# 
   203  0000                     # 4008 "C:\Program Files (x86)\Microchip\xc8\v2.00\pic\include\pic18f4550.h"
   204                           DDRD equ 0F95h ;# 
   205  0000                     # 4225 "C:\Program Files (x86)\Microchip\xc8\v2.00\pic\include\pic18f4550.h"
   206                           TRISE equ 0F96h ;# 
   207  0000                     # 4230 "C:\Program Files (x86)\Microchip\xc8\v2.00\pic\include\pic18f4550.h"
   208                           DDRE equ 0F96h ;# 
   209  0000                     # 4327 "C:\Program Files (x86)\Microchip\xc8\v2.00\pic\include\pic18f4550.h"
   210                           OSCTUNE equ 0F9Bh ;# 
   211  0000                     # 4386 "C:\Program Files (x86)\Microchip\xc8\v2.00\pic\include\pic18f4550.h"
   212                           PIE1 equ 0F9Dh ;# 
   213  0000                     # 4470 "C:\Program Files (x86)\Microchip\xc8\v2.00\pic\include\pic18f4550.h"
   214                           PIR1 equ 0F9Eh ;# 
   215  0000                     # 4554 "C:\Program Files (x86)\Microchip\xc8\v2.00\pic\include\pic18f4550.h"
   216                           IPR1 equ 0F9Fh ;# 
   217  0000                     # 4638 "C:\Program Files (x86)\Microchip\xc8\v2.00\pic\include\pic18f4550.h"
   218                           PIE2 equ 0FA0h ;# 
   219  0000                     # 4709 "C:\Program Files (x86)\Microchip\xc8\v2.00\pic\include\pic18f4550.h"
   220                           PIR2 equ 0FA1h ;# 
   221  0000                     # 4780 "C:\Program Files (x86)\Microchip\xc8\v2.00\pic\include\pic18f4550.h"
   222                           IPR2 equ 0FA2h ;# 
   223  0000                     # 4851 "C:\Program Files (x86)\Microchip\xc8\v2.00\pic\include\pic18f4550.h"
   224                           EECON1 equ 0FA6h ;# 
   225  0000                     # 4917 "C:\Program Files (x86)\Microchip\xc8\v2.00\pic\include\pic18f4550.h"
   226                           EECON2 equ 0FA7h ;# 
   227  0000                     # 4924 "C:\Program Files (x86)\Microchip\xc8\v2.00\pic\include\pic18f4550.h"
   228                           EEDATA equ 0FA8h ;# 
   229  0000                     # 4931 "C:\Program Files (x86)\Microchip\xc8\v2.00\pic\include\pic18f4550.h"
   230                           EEADR equ 0FA9h ;# 
   231  0000                     # 4938 "C:\Program Files (x86)\Microchip\xc8\v2.00\pic\include\pic18f4550.h"
   232                           RCSTA equ 0FABh ;# 
   233  0000                     # 4943 "C:\Program Files (x86)\Microchip\xc8\v2.00\pic\include\pic18f4550.h"
   234                           RCSTA1 equ 0FABh ;# 
   235  0000                     # 5148 "C:\Program Files (x86)\Microchip\xc8\v2.00\pic\include\pic18f4550.h"
   236                           TXSTA equ 0FACh ;# 
   237  0000                     # 5153 "C:\Program Files (x86)\Microchip\xc8\v2.00\pic\include\pic18f4550.h"
   238                           TXSTA1 equ 0FACh ;# 
   239  0000                     # 5404 "C:\Program Files (x86)\Microchip\xc8\v2.00\pic\include\pic18f4550.h"
   240                           TXREG equ 0FADh ;# 
   241  0000                     # 5409 "C:\Program Files (x86)\Microchip\xc8\v2.00\pic\include\pic18f4550.h"
   242                           TXREG1 equ 0FADh ;# 
   243  0000                     # 5416 "C:\Program Files (x86)\Microchip\xc8\v2.00\pic\include\pic18f4550.h"
   244                           RCREG equ 0FAEh ;# 
   245  0000                     # 5421 "C:\Program Files (x86)\Microchip\xc8\v2.00\pic\include\pic18f4550.h"
   246                           RCREG1 equ 0FAEh ;# 
   247  0000                     # 5428 "C:\Program Files (x86)\Microchip\xc8\v2.00\pic\include\pic18f4550.h"
   248                           SPBRG equ 0FAFh ;# 
   249  0000                     # 5433 "C:\Program Files (x86)\Microchip\xc8\v2.00\pic\include\pic18f4550.h"
   250                           SPBRG1 equ 0FAFh ;# 
   251  0000                     # 5440 "C:\Program Files (x86)\Microchip\xc8\v2.00\pic\include\pic18f4550.h"
   252                           SPBRGH equ 0FB0h ;# 
   253  0000                     # 5447 "C:\Program Files (x86)\Microchip\xc8\v2.00\pic\include\pic18f4550.h"
   254                           T3CON equ 0FB1h ;# 
   255  0000                     # 5568 "C:\Program Files (x86)\Microchip\xc8\v2.00\pic\include\pic18f4550.h"
   256                           TMR3 equ 0FB2h ;# 
   257  0000                     # 5575 "C:\Program Files (x86)\Microchip\xc8\v2.00\pic\include\pic18f4550.h"
   258                           TMR3L equ 0FB2h ;# 
   259  0000                     # 5582 "C:\Program Files (x86)\Microchip\xc8\v2.00\pic\include\pic18f4550.h"
   260                           TMR3H equ 0FB3h ;# 
   261  0000                     # 5589 "C:\Program Files (x86)\Microchip\xc8\v2.00\pic\include\pic18f4550.h"
   262                           CMCON equ 0FB4h ;# 
   263  0000                     # 5679 "C:\Program Files (x86)\Microchip\xc8\v2.00\pic\include\pic18f4550.h"
   264                           CVRCON equ 0FB5h ;# 
   265  0000                     # 5764 "C:\Program Files (x86)\Microchip\xc8\v2.00\pic\include\pic18f4550.h"
   266                           ECCP1AS equ 0FB6h ;# 
   267  0000                     # 5769 "C:\Program Files (x86)\Microchip\xc8\v2.00\pic\include\pic18f4550.h"
   268                           CCP1AS equ 0FB6h ;# 
   269  0000                     # 5926 "C:\Program Files (x86)\Microchip\xc8\v2.00\pic\include\pic18f4550.h"
   270                           ECCP1DEL equ 0FB7h ;# 
   271  0000                     # 5931 "C:\Program Files (x86)\Microchip\xc8\v2.00\pic\include\pic18f4550.h"
   272                           CCP1DEL equ 0FB7h ;# 
   273  0000                     # 6064 "C:\Program Files (x86)\Microchip\xc8\v2.00\pic\include\pic18f4550.h"
   274                           BAUDCON equ 0FB8h ;# 
   275  0000                     # 6069 "C:\Program Files (x86)\Microchip\xc8\v2.00\pic\include\pic18f4550.h"
   276                           BAUDCTL equ 0FB8h ;# 
   277  0000                     # 6244 "C:\Program Files (x86)\Microchip\xc8\v2.00\pic\include\pic18f4550.h"
   278                           CCP2CON equ 0FBAh ;# 
   279  0000                     # 6308 "C:\Program Files (x86)\Microchip\xc8\v2.00\pic\include\pic18f4550.h"
   280                           CCPR2 equ 0FBBh ;# 
   281  0000                     # 6315 "C:\Program Files (x86)\Microchip\xc8\v2.00\pic\include\pic18f4550.h"
   282                           CCPR2L equ 0FBBh ;# 
   283  0000                     # 6322 "C:\Program Files (x86)\Microchip\xc8\v2.00\pic\include\pic18f4550.h"
   284                           CCPR2H equ 0FBCh ;# 
   285  0000                     # 6329 "C:\Program Files (x86)\Microchip\xc8\v2.00\pic\include\pic18f4550.h"
   286                           CCP1CON equ 0FBDh ;# 
   287  0000                     # 6334 "C:\Program Files (x86)\Microchip\xc8\v2.00\pic\include\pic18f4550.h"
   288                           ECCP1CON equ 0FBDh ;# 
   289  0000                     # 6491 "C:\Program Files (x86)\Microchip\xc8\v2.00\pic\include\pic18f4550.h"
   290                           CCPR1 equ 0FBEh ;# 
   291  0000                     # 6498 "C:\Program Files (x86)\Microchip\xc8\v2.00\pic\include\pic18f4550.h"
   292                           CCPR1L equ 0FBEh ;# 
   293  0000                     # 6505 "C:\Program Files (x86)\Microchip\xc8\v2.00\pic\include\pic18f4550.h"
   294                           CCPR1H equ 0FBFh ;# 
   295  0000                     # 6512 "C:\Program Files (x86)\Microchip\xc8\v2.00\pic\include\pic18f4550.h"
   296                           ADCON2 equ 0FC0h ;# 
   297  0000                     # 6583 "C:\Program Files (x86)\Microchip\xc8\v2.00\pic\include\pic18f4550.h"
   298                           ADCON1 equ 0FC1h ;# 
   299  0000                     # 6668 "C:\Program Files (x86)\Microchip\xc8\v2.00\pic\include\pic18f4550.h"
   300                           ADCON0 equ 0FC2h ;# 
   301  0000                     # 6787 "C:\Program Files (x86)\Microchip\xc8\v2.00\pic\include\pic18f4550.h"
   302                           ADRES equ 0FC3h ;# 
   303  0000                     # 6794 "C:\Program Files (x86)\Microchip\xc8\v2.00\pic\include\pic18f4550.h"
   304                           ADRESL equ 0FC3h ;# 
   305  0000                     # 6801 "C:\Program Files (x86)\Microchip\xc8\v2.00\pic\include\pic18f4550.h"
   306                           ADRESH equ 0FC4h ;# 
   307  0000                     # 6808 "C:\Program Files (x86)\Microchip\xc8\v2.00\pic\include\pic18f4550.h"
   308                           SSPCON2 equ 0FC5h ;# 
   309  0000                     # 6870 "C:\Program Files (x86)\Microchip\xc8\v2.00\pic\include\pic18f4550.h"
   310                           SSPCON1 equ 0FC6h ;# 
   311  0000                     # 6940 "C:\Program Files (x86)\Microchip\xc8\v2.00\pic\include\pic18f4550.h"
   312                           SSPSTAT equ 0FC7h ;# 
   313  0000                     # 7188 "C:\Program Files (x86)\Microchip\xc8\v2.00\pic\include\pic18f4550.h"
   314                           SSPADD equ 0FC8h ;# 
   315  0000                     # 7195 "C:\Program Files (x86)\Microchip\xc8\v2.00\pic\include\pic18f4550.h"
   316                           SSPBUF equ 0FC9h ;# 
   317  0000                     # 7202 "C:\Program Files (x86)\Microchip\xc8\v2.00\pic\include\pic18f4550.h"
   318                           T2CON equ 0FCAh ;# 
   319  0000                     # 7300 "C:\Program Files (x86)\Microchip\xc8\v2.00\pic\include\pic18f4550.h"
   320                           PR2 equ 0FCBh ;# 
   321  0000                     # 7305 "C:\Program Files (x86)\Microchip\xc8\v2.00\pic\include\pic18f4550.h"
   322                           MEMCON equ 0FCBh ;# 
   323  0000                     # 7410 "C:\Program Files (x86)\Microchip\xc8\v2.00\pic\include\pic18f4550.h"
   324                           TMR2 equ 0FCCh ;# 
   325  0000                     # 7417 "C:\Program Files (x86)\Microchip\xc8\v2.00\pic\include\pic18f4550.h"
   326                           T1CON equ 0FCDh ;# 
   327  0000                     # 7520 "C:\Program Files (x86)\Microchip\xc8\v2.00\pic\include\pic18f4550.h"
   328                           TMR1 equ 0FCEh ;# 
   329  0000                     # 7527 "C:\Program Files (x86)\Microchip\xc8\v2.00\pic\include\pic18f4550.h"
   330                           TMR1L equ 0FCEh ;# 
   331  0000                     # 7534 "C:\Program Files (x86)\Microchip\xc8\v2.00\pic\include\pic18f4550.h"
   332                           TMR1H equ 0FCFh ;# 
   333  0000                     # 7541 "C:\Program Files (x86)\Microchip\xc8\v2.00\pic\include\pic18f4550.h"
   334                           RCON equ 0FD0h ;# 
   335  0000                     # 7690 "C:\Program Files (x86)\Microchip\xc8\v2.00\pic\include\pic18f4550.h"
   336                           WDTCON equ 0FD1h ;# 
   337  0000                     # 7718 "C:\Program Files (x86)\Microchip\xc8\v2.00\pic\include\pic18f4550.h"
   338                           HLVDCON equ 0FD2h ;# 
   339  0000                     # 7723 "C:\Program Files (x86)\Microchip\xc8\v2.00\pic\include\pic18f4550.h"
   340                           LVDCON equ 0FD2h ;# 
   341  0000                     # 7988 "C:\Program Files (x86)\Microchip\xc8\v2.00\pic\include\pic18f4550.h"
   342                           OSCCON equ 0FD3h ;# 
   343  0000                     # 8071 "C:\Program Files (x86)\Microchip\xc8\v2.00\pic\include\pic18f4550.h"
   344                           T0CON equ 0FD5h ;# 
   345  0000                     # 8141 "C:\Program Files (x86)\Microchip\xc8\v2.00\pic\include\pic18f4550.h"
   346                           TMR0 equ 0FD6h ;# 
   347  0000                     # 8148 "C:\Program Files (x86)\Microchip\xc8\v2.00\pic\include\pic18f4550.h"
   348                           TMR0L equ 0FD6h ;# 
   349  0000                     # 8155 "C:\Program Files (x86)\Microchip\xc8\v2.00\pic\include\pic18f4550.h"
   350                           TMR0H equ 0FD7h ;# 
   351  0000                     # 8162 "C:\Program Files (x86)\Microchip\xc8\v2.00\pic\include\pic18f4550.h"
   352                           STATUS equ 0FD8h ;# 
   353  0000                     # 8233 "C:\Program Files (x86)\Microchip\xc8\v2.00\pic\include\pic18f4550.h"
   354                           FSR2 equ 0FD9h ;# 
   355  0000                     # 8240 "C:\Program Files (x86)\Microchip\xc8\v2.00\pic\include\pic18f4550.h"
   356                           FSR2L equ 0FD9h ;# 
   357  0000                     # 8247 "C:\Program Files (x86)\Microchip\xc8\v2.00\pic\include\pic18f4550.h"
   358                           FSR2H equ 0FDAh ;# 
   359  0000                     # 8254 "C:\Program Files (x86)\Microchip\xc8\v2.00\pic\include\pic18f4550.h"
   360                           PLUSW2 equ 0FDBh ;# 
   361  0000                     # 8261 "C:\Program Files (x86)\Microchip\xc8\v2.00\pic\include\pic18f4550.h"
   362                           PREINC2 equ 0FDCh ;# 
   363  0000                     # 8268 "C:\Program Files (x86)\Microchip\xc8\v2.00\pic\include\pic18f4550.h"
   364                           POSTDEC2 equ 0FDDh ;# 
   365  0000                     # 8275 "C:\Program Files (x86)\Microchip\xc8\v2.00\pic\include\pic18f4550.h"
   366                           POSTINC2 equ 0FDEh ;# 
   367  0000                     # 8282 "C:\Program Files (x86)\Microchip\xc8\v2.00\pic\include\pic18f4550.h"
   368                           INDF2 equ 0FDFh ;# 
   369  0000                     # 8289 "C:\Program Files (x86)\Microchip\xc8\v2.00\pic\include\pic18f4550.h"
   370                           BSR equ 0FE0h ;# 
   371  0000                     # 8296 "C:\Program Files (x86)\Microchip\xc8\v2.00\pic\include\pic18f4550.h"
   372                           FSR1 equ 0FE1h ;# 
   373  0000                     # 8303 "C:\Program Files (x86)\Microchip\xc8\v2.00\pic\include\pic18f4550.h"
   374                           FSR1L equ 0FE1h ;# 
   375  0000                     # 8310 "C:\Program Files (x86)\Microchip\xc8\v2.00\pic\include\pic18f4550.h"
   376                           FSR1H equ 0FE2h ;# 
   377  0000                     # 8317 "C:\Program Files (x86)\Microchip\xc8\v2.00\pic\include\pic18f4550.h"
   378                           PLUSW1 equ 0FE3h ;# 
   379  0000                     # 8324 "C:\Program Files (x86)\Microchip\xc8\v2.00\pic\include\pic18f4550.h"
   380                           PREINC1 equ 0FE4h ;# 
   381  0000                     # 8331 "C:\Program Files (x86)\Microchip\xc8\v2.00\pic\include\pic18f4550.h"
   382                           POSTDEC1 equ 0FE5h ;# 
   383  0000                     # 8338 "C:\Program Files (x86)\Microchip\xc8\v2.00\pic\include\pic18f4550.h"
   384                           POSTINC1 equ 0FE6h ;# 
   385  0000                     # 8345 "C:\Program Files (x86)\Microchip\xc8\v2.00\pic\include\pic18f4550.h"
   386                           INDF1 equ 0FE7h ;# 
   387  0000                     # 8352 "C:\Program Files (x86)\Microchip\xc8\v2.00\pic\include\pic18f4550.h"
   388                           WREG equ 0FE8h ;# 
   389  0000                     # 8359 "C:\Program Files (x86)\Microchip\xc8\v2.00\pic\include\pic18f4550.h"
   390                           FSR0 equ 0FE9h ;# 
   391  0000                     # 8366 "C:\Program Files (x86)\Microchip\xc8\v2.00\pic\include\pic18f4550.h"
   392                           FSR0L equ 0FE9h ;# 
   393  0000                     # 8373 "C:\Program Files (x86)\Microchip\xc8\v2.00\pic\include\pic18f4550.h"
   394                           FSR0H equ 0FEAh ;# 
   395  0000                     # 8380 "C:\Program Files (x86)\Microchip\xc8\v2.00\pic\include\pic18f4550.h"
   396                           PLUSW0 equ 0FEBh ;# 
   397  0000                     # 8387 "C:\Program Files (x86)\Microchip\xc8\v2.00\pic\include\pic18f4550.h"
   398                           PREINC0 equ 0FECh ;# 
   399  0000                     # 8394 "C:\Program Files (x86)\Microchip\xc8\v2.00\pic\include\pic18f4550.h"
   400                           POSTDEC0 equ 0FEDh ;# 
   401  0000                     # 8401 "C:\Program Files (x86)\Microchip\xc8\v2.00\pic\include\pic18f4550.h"
   402                           POSTINC0 equ 0FEEh ;# 
   403  0000                     # 8408 "C:\Program Files (x86)\Microchip\xc8\v2.00\pic\include\pic18f4550.h"
   404                           INDF0 equ 0FEFh ;# 
   405  0000                     # 8415 "C:\Program Files (x86)\Microchip\xc8\v2.00\pic\include\pic18f4550.h"
   406                           INTCON3 equ 0FF0h ;# 
   407  0000                     # 8507 "C:\Program Files (x86)\Microchip\xc8\v2.00\pic\include\pic18f4550.h"
   408                           INTCON2 equ 0FF1h ;# 
   409  0000                     # 8584 "C:\Program Files (x86)\Microchip\xc8\v2.00\pic\include\pic18f4550.h"
   410                           INTCON equ 0FF2h ;# 
   411  0000                     # 8701 "C:\Program Files (x86)\Microchip\xc8\v2.00\pic\include\pic18f4550.h"
   412                           PROD equ 0FF3h ;# 
   413  0000                     # 8708 "C:\Program Files (x86)\Microchip\xc8\v2.00\pic\include\pic18f4550.h"
   414                           PRODL equ 0FF3h ;# 
   415  0000                     # 8715 "C:\Program Files (x86)\Microchip\xc8\v2.00\pic\include\pic18f4550.h"
   416                           PRODH equ 0FF4h ;# 
   417  0000                     # 8722 "C:\Program Files (x86)\Microchip\xc8\v2.00\pic\include\pic18f4550.h"
   418                           TABLAT equ 0FF5h ;# 
   419  0000                     # 8731 "C:\Program Files (x86)\Microchip\xc8\v2.00\pic\include\pic18f4550.h"
   420                           TBLPTR equ 0FF6h ;# 
   421  0000                     # 8738 "C:\Program Files (x86)\Microchip\xc8\v2.00\pic\include\pic18f4550.h"
   422                           TBLPTRL equ 0FF6h ;# 
   423  0000                     # 8745 "C:\Program Files (x86)\Microchip\xc8\v2.00\pic\include\pic18f4550.h"
   424                           TBLPTRH equ 0FF7h ;# 
   425  0000                     # 8752 "C:\Program Files (x86)\Microchip\xc8\v2.00\pic\include\pic18f4550.h"
   426                           TBLPTRU equ 0FF8h ;# 
   427  0000                     # 8761 "C:\Program Files (x86)\Microchip\xc8\v2.00\pic\include\pic18f4550.h"
   428                           PCLAT equ 0FF9h ;# 
   429  0000                     # 8768 "C:\Program Files (x86)\Microchip\xc8\v2.00\pic\include\pic18f4550.h"
   430                           PC equ 0FF9h ;# 
   431  0000                     # 8775 "C:\Program Files (x86)\Microchip\xc8\v2.00\pic\include\pic18f4550.h"
   432                           PCL equ 0FF9h ;# 
   433  0000                     # 8782 "C:\Program Files (x86)\Microchip\xc8\v2.00\pic\include\pic18f4550.h"
   434                           PCLATH equ 0FFAh ;# 
   435  0000                     # 8789 "C:\Program Files (x86)\Microchip\xc8\v2.00\pic\include\pic18f4550.h"
   436                           PCLATU equ 0FFBh ;# 
   437  0000                     # 8796 "C:\Program Files (x86)\Microchip\xc8\v2.00\pic\include\pic18f4550.h"
   438                           STKPTR equ 0FFCh ;# 
   439  0000                     # 8872 "C:\Program Files (x86)\Microchip\xc8\v2.00\pic\include\pic18f4550.h"
   440                           TOS equ 0FFDh ;# 
   441  0000                     # 8879 "C:\Program Files (x86)\Microchip\xc8\v2.00\pic\include\pic18f4550.h"
   442                           TOSL equ 0FFDh ;# 
   443  0000                     # 8886 "C:\Program Files (x86)\Microchip\xc8\v2.00\pic\include\pic18f4550.h"
   444                           TOSH equ 0FFEh ;# 
   445  0000                     # 8893 "C:\Program Files (x86)\Microchip\xc8\v2.00\pic\include\pic18f4550.h"
   446                           TOSU equ 0FFFh ;# 
   447  0000                     	FNROOT	_main
   448                           	FNCALL	intlevel2,_tc_int
   449                           	global	intlevel2
   450                           	FNROOT	intlevel2
   451                           	global	_PORTDbits
   452                           _PORTDbits	set	0xF83
   453  0000                     	global	_RCONbits
   454                           _RCONbits	set	0xFD0
   455  0000                     	global	_INTCON2bits
   456                           _INTCON2bits	set	0xFF1
   457  0000                     	global	_INTCON3bits
   458                           _INTCON3bits	set	0xFF0
   459  0000                     	global	_INTCONbits
   460                           _INTCONbits	set	0xFF2
   461  0000                     	global	_TRISB
   462                           _TRISB	set	0xF93
   463  0000                     	global	_TRISD
   464                           _TRISD	set	0xF95
   465  0000                     ; #config settings
   466                           global __CFG_PLLDIV$1
   467                           __CFG_PLLDIV$1 equ 0x0
   468  0000                     global __CFG_CPUDIV$OSC1_PLL2
   469                           __CFG_CPUDIV$OSC1_PLL2 equ 0x0
   470  0000                     global __CFG_USBDIV$2
   471                           __CFG_USBDIV$2 equ 0x0
   472  0000                     global __CFG_FOSC$HS
   473                           __CFG_FOSC$HS equ 0x0
   474  0000                     global __CFG_FCMEN$OFF
   475                           __CFG_FCMEN$OFF equ 0x0
   476  0000                     global __CFG_IESO$OFF
   477                           __CFG_IESO$OFF equ 0x0
   478  0000                     global __CFG_PWRT$OFF
   479                           __CFG_PWRT$OFF equ 0x0
   480  0000                     global __CFG_BOR$OFF
   481                           __CFG_BOR$OFF equ 0x0
   482  0000                     global __CFG_BORV$3
   483                           __CFG_BORV$3 equ 0x0
   484  0000                     global __CFG_VREGEN$OFF
   485                           __CFG_VREGEN$OFF equ 0x0
   486  0000                     global __CFG_WDT$OFF
   487                           __CFG_WDT$OFF equ 0x0
   488  0000                     global __CFG_WDTPS$32768
   489                           __CFG_WDTPS$32768 equ 0x0
   490  0000                     global __CFG_CCP2MX$ON
   491                           __CFG_CCP2MX$ON equ 0x0
   492  0000                     global __CFG_PBADEN$OFF
   493                           __CFG_PBADEN$OFF equ 0x0
   494  0000                     global __CFG_LPT1OSC$OFF
   495                           __CFG_LPT1OSC$OFF equ 0x0
   496  0000                     global __CFG_MCLRE$ON
   497                           __CFG_MCLRE$ON equ 0x0
   498  0000                     global __CFG_STVREN$ON
   499                           __CFG_STVREN$ON equ 0x0
   500  0000                     global __CFG_LVP$OFF
   501                           __CFG_LVP$OFF equ 0x0
   502  0000                     global __CFG_ICPRT$OFF
   503                           __CFG_ICPRT$OFF equ 0x0
   504  0000                     global __CFG_XINST$OFF
   505                           __CFG_XINST$OFF equ 0x0
   506  0000                     global __CFG_CP0$OFF
   507                           __CFG_CP0$OFF equ 0x0
   508  0000                     global __CFG_CP1$OFF
   509                           __CFG_CP1$OFF equ 0x0
   510  0000                     global __CFG_CP2$OFF
   511                           __CFG_CP2$OFF equ 0x0
   512  0000                     global __CFG_CP3$OFF
   513                           __CFG_CP3$OFF equ 0x0
   514  0000                     global __CFG_CPB$OFF
   515                           __CFG_CPB$OFF equ 0x0
   516  0000                     global __CFG_CPD$OFF
   517                           __CFG_CPD$OFF equ 0x0
   518  0000                     global __CFG_WRT0$OFF
   519                           __CFG_WRT0$OFF equ 0x0
   520  0000                     global __CFG_WRT1$OFF
   521                           __CFG_WRT1$OFF equ 0x0
   522  0000                     global __CFG_WRT2$OFF
   523                           __CFG_WRT2$OFF equ 0x0
   524  0000                     global __CFG_WRT3$OFF
   525                           __CFG_WRT3$OFF equ 0x0
   526  0000                     global __CFG_WRTC$OFF
   527                           __CFG_WRTC$OFF equ 0x0
   528  0000                     global __CFG_WRTB$OFF
   529                           __CFG_WRTB$OFF equ 0x0
   530  0000                     global __CFG_WRTD$OFF
   531                           __CFG_WRTD$OFF equ 0x0
   532  0000                     global __CFG_EBTR0$OFF
   533                           __CFG_EBTR0$OFF equ 0x0
   534  0000                     global __CFG_EBTR1$OFF
   535                           __CFG_EBTR1$OFF equ 0x0
   536  0000                     global __CFG_EBTR2$OFF
   537                           __CFG_EBTR2$OFF equ 0x0
   538  0000                     global __CFG_EBTR3$OFF
   539                           __CFG_EBTR3$OFF equ 0x0
   540  0000                     global __CFG_EBTRB$OFF
   541                           __CFG_EBTRB$OFF equ 0x0
   542  0000                     	file	"C:\Users\PROPIE~1\AppData\Local\Temp\s5eo."
   543                           	line	#
   544                           psect	cinit,class=CODE,delta=1,reloc=2
   545                           global __pcinit
   546                           __pcinit:
   547  0000DA                     global start_initialization
   548                           start_initialization:
   549  0000DA                     
   550                           global __initialization
   551                           __initialization:
   552  0000DA                     psect cinit,class=CODE,delta=1
   553                           global end_of_initialization,__end_of__initialization
   554                           
   555                           ;End of C runtime variable initialization code
   556                           
   557                           end_of_initialization:
   558  0000DA                     __end_of__initialization:
   559  0000DA                     	bcf int$flags,0,c ;clear compiler interrupt flag (level 1)
   560  0000DA  9002               	bcf int$flags,1,c ;clear compiler interrupt flag (level 2)
   561  0000DC  9202               movlb 0
   562  0000DE  0100               goto _main	;jump to C main() function
   563  0000E0  EF4F  F000         psect	cstackCOMRAM,class=COMRAM,space=1,noexec
   564                           global __pcstackCOMRAM
   565                           __pcstackCOMRAM:
   566  000001                     ?_main:	; 1 bytes @ 0x0
   567  000001                     ?_tc_int:	; 1 bytes @ 0x0
   568  000001                     ??_tc_int:	; 1 bytes @ 0x0
   569  000001                     	ds   1
   570  000001                     ??_main:	; 1 bytes @ 0x1
   571  000002                     ;!
   572                           ;!Data Sizes:
   573                           ;!    Strings     0
   574                           ;!    Constant    0
   575                           ;!    Data        0
   576                           ;!    BSS         0
   577                           ;!    Persistent  0
   578                           ;!    Stack       0
   579                           ;!
   580                           ;!Auto Spaces:
   581                           ;!    Space          Size  Autos    Used
   582                           ;!    COMRAM           94      1       1
   583                           ;!    BANK0           160      0       0
   584                           ;!    BANK1           256      0       0
   585                           ;!    BANK2           256      0       0
   586                           ;!    BANK3           256      0       0
   587                           ;!    BANK4           256      0       0
   588                           ;!    BANK5           256      0       0
   589                           ;!    BANK6           256      0       0
   590                           ;!    BANK7           256      0       0
   591                           
   592                           ;!
   593                           ;!Pointer List with Targets:
   594                           ;!
   595                           ;!    None.
   596                           
   597                           
   598                           ;!
   599                           ;!Critical Paths under _main in COMRAM
   600                           ;!
   601                           ;!    None.
   602                           ;!
   603                           ;!Critical Paths under _tc_int in COMRAM
   604                           ;!
   605                           ;!    None.
   606                           ;!
   607                           ;!Critical Paths under _main in BANK0
   608                           ;!
   609                           ;!    None.
   610                           ;!
   611                           ;!Critical Paths under _tc_int in BANK0
   612                           ;!
   613                           ;!    None.
   614                           ;!
   615                           ;!Critical Paths under _main in BANK1
   616                           ;!
   617                           ;!    None.
   618                           ;!
   619                           ;!Critical Paths under _tc_int in BANK1
   620                           ;!
   621                           ;!    None.
   622                           ;!
   623                           ;!Critical Paths under _main in BANK2
   624                           ;!
   625                           ;!    None.
   626                           ;!
   627                           ;!Critical Paths under _tc_int in BANK2
   628                           ;!
   629                           ;!    None.
   630                           ;!
   631                           ;!Critical Paths under _main in BANK3
   632                           ;!
   633                           ;!    None.
   634                           ;!
   635                           ;!Critical Paths under _tc_int in BANK3
   636                           ;!
   637                           ;!    None.
   638                           ;!
   639                           ;!Critical Paths under _main in BANK4
   640                           ;!
   641                           ;!    None.
   642                           ;!
   643                           ;!Critical Paths under _tc_int in BANK4
   644                           ;!
   645                           ;!    None.
   646                           ;!
   647                           ;!Critical Paths under _main in BANK5
   648                           ;!
   649                           ;!    None.
   650                           ;!
   651                           ;!Critical Paths under _tc_int in BANK5
   652                           ;!
   653                           ;!    None.
   654                           ;!
   655                           ;!Critical Paths under _main in BANK6
   656                           ;!
   657                           ;!    None.
   658                           ;!
   659                           ;!Critical Paths under _tc_int in BANK6
   660                           ;!
   661                           ;!    None.
   662                           ;!
   663                           ;!Critical Paths under _main in BANK7
   664                           ;!
   665                           ;!    None.
   666                           ;!
   667                           ;!Critical Paths under _tc_int in BANK7
   668                           ;!
   669                           ;!    None.
   670                           
   671 ;;
   672 ;;Main: autosize = 0, tempsize = 0, incstack = 0, save=0
   673 ;;
   674                           
   675                           ;!
   676                           ;!Call Graph Tables:
   677                           ;!
   678                           ;! ---------------------------------------------------------------------------------
   679                           ;! (Depth) Function   	        Calls       Base Space   Used Autos Params    Refs
   680                           ;! ---------------------------------------------------------------------------------
   681                           ;! (0) _main                                                 0     0      0       0
   682                           ;! ---------------------------------------------------------------------------------
   683                           ;! Estimated maximum stack depth 0
   684                           ;! ---------------------------------------------------------------------------------
   685                           ;! (Depth) Function   	        Calls       Base Space   Used Autos Params    Refs
   686                           ;! ---------------------------------------------------------------------------------
   687                           ;! (1) _tc_int                                               1     1      0       0
   688                           ;!                                              0 COMRAM     1     1      0
   689                           ;! ---------------------------------------------------------------------------------
   690                           ;! Estimated maximum stack depth 1
   691                           ;! ---------------------------------------------------------------------------------
   692                           ;!
   693                           ;! Call Graph Graphs:
   694                           ;!
   695                           ;! _main (ROOT)
   696                           ;!
   697                           ;! _tc_int (ROOT)
   698                           ;!
   699                           
   700                           ;! Address spaces:
   701                           
   702                           ;!Name               Size   Autos  Total    Cost      Usage
   703                           ;!BITCOMRAM           5E      0       0       0        0.0%
   704                           ;!EEDATA             100      0       0       0        0.0%
   705                           ;!NULL                 0      0       0       0        0.0%
   706                           ;!CODE                 0      0       0       0        0.0%
   707                           ;!COMRAM              5E      1       1       1        1.1%
   708                           ;!STACK                0      0       0       2        0.0%
   709                           ;!DATA                 0      0       0       3        0.0%
   710                           ;!BITBANK0            A0      0       0       4        0.0%
   711                           ;!BANK0               A0      0       0       5        0.0%
   712                           ;!BITBANK1           100      0       0       6        0.0%
   713                           ;!BANK1              100      0       0       7        0.0%
   714                           ;!BITBANK2           100      0       0       8        0.0%
   715                           ;!BANK2              100      0       0       9        0.0%
   716                           ;!BITBANK3           100      0       0      10        0.0%
   717                           ;!BANK3              100      0       0      11        0.0%
   718                           ;!BITBANK4           100      0       0      12        0.0%
   719                           ;!BANK4              100      0       0      13        0.0%
   720                           ;!BITBANK5           100      0       0      14        0.0%
   721                           ;!BANK5              100      0       0      15        0.0%
   722                           ;!BITBANK6           100      0       0      16        0.0%
   723                           ;!BANK6              100      0       0      17        0.0%
   724                           ;!BITBANK7           100      0       0      18        0.0%
   725                           ;!BANK7              100      0       0      19        0.0%
   726                           ;!ABS                  0      0       0      20        0.0%
   727                           ;!BIGRAM             7FF      0       0      21        0.0%
   728                           ;!BITSFR               0      0       0     200        0.0%
   729                           ;!SFR                  0      0       0     200        0.0%
   730                           
   731                           	global	_main
   732                           
   733 ;; *************** function _main *****************
   734 ;; Defined at:
   735 ;;		line 120 in file "Lab_Dir_3.c"
   736 ;; Parameters:    Size  Location     Type
   737 ;;		None
   738 ;; Auto vars:     Size  Location     Type
   739 ;;		None
   740 ;; Return value:  Size  Location     Type
   741 ;;                  1    wreg      void 
   742 ;; Registers used:
   743 ;;		wreg, status,2
   744 ;; Tracked objects:
   745 ;;		On entry : 0/0
   746 ;;		On exit  : 0/0
   747 ;;		Unchanged: 0/0
   748 ;; Data sizes:     COMRAM   BANK0   BANK1   BANK2   BANK3   BANK4   BANK5   BANK6   BANK7
   749 ;;      Params:         0       0       0       0       0       0       0       0       0
   750 ;;      Locals:         0       0       0       0       0       0       0       0       0
   751 ;;      Temps:          0       0       0       0       0       0       0       0       0
   752 ;;      Totals:         0       0       0       0       0       0       0       0       0
   753 ;;Total ram usage:        0 bytes
   754 ;; Hardware stack levels required when called:    1
   755 ;; This function calls:
   756 ;;		Nothing
   757 ;; This function is called by:
   758 ;;		Startup code after reset
   759 ;; This function uses a non-reentrant model
   760 ;;
   761                           psect	text0,class=CODE,space=0,reloc=2,group=0
   762                           	file	"Lab_Dir_3.c"
   763                           	line	120
   764                           global __ptext0
   765                           __ptext0:
   766  00009E                     psect	text0
   767                           	file	"Lab_Dir_3.c"
   768                           	line	120
   769                           	global	__size_of_main
   770                           	__size_of_main	equ	__end_of_main-_main
   771  0000                     	
   772                           _main:
   773  00009E                     ;incstack = 0
   774                           	opt	stack 30
   775                           	line	122
   776                           	
   777                           l705:
   778  00009E                     ;Lab_Dir_3.c: 122:     TRISD=0;
   779                           	movlw	low(0)
   780  00009E  0E00               	movwf	((c:3989)),c	;volatile
   781  0000A0  6E95               	line	123
   782                           ;Lab_Dir_3.c: 123:     TRISB=1;
   783                           	movlw	low(01h)
   784  0000A2  0E01               	movwf	((c:3987)),c	;volatile
   785  0000A4  6E93               	line	124
   786                           	
   787                           l707:
   788  0000A6                     ;Lab_Dir_3.c: 124:     INTCONbits.GIE=1;
   789                           	bsf	((c:4082)),c,7	;volatile
   790  0000A6  8EF2               	line	125
   791                           	
   792                           l709:
   793  0000A8                     ;Lab_Dir_3.c: 125:     INTCONbits.PEIE=1;
   794                           	bsf	((c:4082)),c,6	;volatile
   795  0000A8  8CF2               	line	126
   796                           	
   797                           l711:
   798  0000AA                     ;Lab_Dir_3.c: 126:     INTCONbits.INT0IE=1;
   799                           	bsf	((c:4082)),c,4	;volatile
   800  0000AA  88F2               	line	127
   801                           	
   802                           l713:
   803  0000AC                     ;Lab_Dir_3.c: 127:     INTCONbits.INT0IF=0;
   804                           	bcf	((c:4082)),c,1	;volatile
   805  0000AC  92F2               	line	128
   806                           	
   807                           l715:
   808  0000AE                     ;Lab_Dir_3.c: 128:     INTCON3bits.INT1IE=1;
   809                           	bsf	((c:4080)),c,3	;volatile
   810  0000AE  86F0               	line	129
   811                           	
   812                           l717:
   813  0000B0                     ;Lab_Dir_3.c: 129:     INTCON3bits.INT1F=0;
   814                           	bcf	((c:4080)),c,0	;volatile
   815  0000B0  90F0               	line	130
   816                           	
   817                           l719:
   818  0000B2                     ;Lab_Dir_3.c: 130:     INTCON2bits.INTEDG0=1;
   819                           	bsf	((c:4081)),c,6	;volatile
   820  0000B2  8CF1               	line	131
   821                           	
   822                           l721:
   823  0000B4                     ;Lab_Dir_3.c: 131:     RCONbits.IPEN=0;
   824                           	bcf	((c:4048)),c,7	;volatile
   825  0000B4  9ED0               	goto	l723
   826  0000B6  EF5D  F000         	line	132
   827                           ;Lab_Dir_3.c: 132:     while(1)
   828                           	
   829                           l19:
   830  0000BA                     	line	134
   831                           	
   832                           l723:
   833  0000BA                     ;Lab_Dir_3.c: 133:     {;Lab_Dir_3.c: 134:         PORTDbits.RD0=PORTDbits.RD0;
   834                           	btfss	((c:3971)),c,0	;volatile
   835  0000BA  A083               	bra	u15
   836  0000BC  D002               	bsf	((c:3971)),c,0	;volatile
   837  0000BE  8083               	bra	u17
   838  0000C0  D001               	u15:	
   839  0000C2                     	bcf	((c:3971)),c,0	;volatile
   840  0000C2  9083               	u17:
   841  0000C4                     	line	135
   842                           	
   843                           l725:
   844  0000C4                     ;Lab_Dir_3.c: 135:         PORTDbits.RD1=PORTDbits.RD1;
   845                           	btfss	((c:3971)),c,1	;volatile
   846  0000C4  A283               	bra	u25
   847  0000C6  D002               	bsf	((c:3971)),c,1	;volatile
   848  0000C8  8283               	bra	u27
   849  0000CA  D001               	u25:	
   850  0000CC                     	bcf	((c:3971)),c,1	;volatile
   851  0000CC  9283               	u27:
   852  0000CE                     	goto	l723
   853  0000CE  EF5D  F000         	line	136
   854                           ;Lab_Dir_3.c: 136:     }
   855                           	
   856                           l20:
   857  0000D2                     	goto	l723
   858  0000D2  EF5D  F000         	
   859                           l21:
   860  0000D6                     	line	138
   861                           ;Lab_Dir_3.c: 137:     return;
   862                           	
   863                           l22:
   864  0000D6                     	global	start
   865                           	goto	start
   866  0000D6  EF07  F000         	opt stack 0
   867                           GLOBAL	__end_of_main
   868                           	__end_of_main:
   869  0000DA                     	signat	_main,89
   870                           	global	_tc_int
   871                           
   872 ;; *************** function _tc_int *****************
   873 ;; Defined at:
   874 ;;		line 140 in file "Lab_Dir_3.c"
   875 ;; Parameters:    Size  Location     Type
   876 ;;		None
   877 ;; Auto vars:     Size  Location     Type
   878 ;;		None
   879 ;; Return value:  Size  Location     Type
   880 ;;                  1    wreg      void 
   881 ;; Registers used:
   882 ;;		wreg, status,2, status,0
   883 ;; Tracked objects:
   884 ;;		On entry : 0/0
   885 ;;		On exit  : 0/0
   886 ;;		Unchanged: 0/0
   887 ;; Data sizes:     COMRAM   BANK0   BANK1   BANK2   BANK3   BANK4   BANK5   BANK6   BANK7
   888 ;;      Params:         0       0       0       0       0       0       0       0       0
   889 ;;      Locals:         0       0       0       0       0       0       0       0       0
   890 ;;      Temps:          1       0       0       0       0       0       0       0       0
   891 ;;      Totals:         1       0       0       0       0       0       0       0       0
   892 ;;Total ram usage:        1 bytes
   893 ;; Hardware stack levels used:    1
   894 ;; This function calls:
   895 ;;		Nothing
   896 ;; This function is called by:
   897 ;;		Interrupt level 2
   898 ;; This function uses a non-reentrant model
   899 ;;
   900                           psect	intcode,class=CODE,space=0,reloc=2
   901                           global __pintcode
   902                           __pintcode:
   903  000008                     psect	intcode
   904                           	file	"Lab_Dir_3.c"
   905                           	line	140
   906                           	global	__size_of_tc_int
   907                           	__size_of_tc_int	equ	__end_of_tc_int-_tc_int
   908  0000                     	
   909                           _tc_int:
   910  000008                     ;incstack = 0
   911                           	opt	stack 30
   912                           	bsf int$flags,1,c ;set compiler interrupt flag (level 2)
   913  000008  8202               	global	int_func
   914                           	call	int_func,f	;refresh shadow registers
   915  00000A  ED09  F000         psect	intcode_body,class=CODE,space=0,reloc=2
   916                           global __pintcode_body
   917                           __pintcode_body:
   918  000012                     int_func:
   919  000012                     
   920                           	pop	; remove dummy address from shadow register refresh
   921  000012  0006               	line	142
   922                           	
   923                           i2l727:
   924  000014                     ;Lab_Dir_3.c: 142:     if(INTCONbits.INT0IF && INTCONbits.INT0IE)
   925                           	btfss	((c:4082)),c,1	;volatile
   926  000014  A2F2               	goto	i2u3_41
   927  000016  EF0F  F000         	goto	i2u3_40
   928  00001A  EF11  F000         i2u3_41:
   929  00001E                     	goto	i2l735
   930  00001E  EF2B  F000         i2u3_40:
   931  000022                     	
   932                           i2l729:
   933  000022                     	btfss	((c:4082)),c,4	;volatile
   934  000022  A8F2               	goto	i2u4_41
   935  000024  EF16  F000         	goto	i2u4_40
   936  000028  EF18  F000         i2u4_41:
   937  00002C                     	goto	i2l735
   938  00002C  EF2B  F000         i2u4_40:
   939  000030                     	line	144
   940                           	
   941                           i2l731:
   942  000030                     ;Lab_Dir_3.c: 143:     {;Lab_Dir_3.c: 144:     PORTDbits.RD0=~PORTDbits.RD0;
   943                           	btfsc	((c:3971)),c,0	;volatile
   944  000030  B083               	goto	i2u5_41
   945  000032  EF1D  F000         	goto	i2u5_40
   946  000036  EF20  F000         i2u5_41:
   947  00003A                     	movlw	1
   948  00003A  0E01               	goto	i2u5_46
   949  00003C  EF21  F000         i2u5_40:
   950  000040                     	movlw	0
   951  000040  0E00               i2u5_46:
   952  000042                     	xorlw	0ffh
   953  000042  0AFF               	movwf	(??_tc_int+0+0)&0ffh,c
   954  000044  6E01               	movf	((c:3971)),c,w	;volatile
   955  000046  5083               	xorwf	((??_tc_int+0+0)),c,w
   956  000048  1801               	andlw	not ((1<<1)-1)
   957  00004A  0BFE               	xorwf	((??_tc_int+0+0)),c,w
   958  00004C  1801               	movwf	((c:3971)),c	;volatile
   959  00004E  6E83               	line	145
   960                           	
   961                           i2l733:
   962  000050                     ;Lab_Dir_3.c: 145:     INTCONbits.INT0IF=0;
   963                           	bcf	((c:4082)),c,1	;volatile
   964  000050  92F2               	goto	i2l735
   965  000052  EF2B  F000         	line	146
   966                           ;Lab_Dir_3.c: 146:     }
   967                           	
   968                           i2l27:
   969  000056                     	line	147
   970                           	
   971                           i2l735:
   972  000056                     ;Lab_Dir_3.c: 147:     if(INTCON3bits.INT1IF && INTCON3bits.INT1IE)
   973                           	btfss	((c:4080)),c,0	;volatile
   974  000056  A0F0               	goto	i2u6_41
   975  000058  EF30  F000         	goto	i2u6_40
   976  00005C  EF32  F000         i2u6_41:
   977  000060                     	goto	i2l29
   978  000060  EF4D  F000         i2u6_40:
   979  000064                     	
   980                           i2l737:
   981  000064                     	btfss	((c:4080)),c,3	;volatile
   982  000064  A6F0               	goto	i2u7_41
   983  000066  EF37  F000         	goto	i2u7_40
   984  00006A  EF39  F000         i2u7_41:
   985  00006E                     	goto	i2l29
   986  00006E  EF4D  F000         i2u7_40:
   987  000072                     	line	149
   988                           	
   989                           i2l739:
   990  000072                     ;Lab_Dir_3.c: 148:     {;Lab_Dir_3.c: 149:     PORTDbits.RD1=~PORTDbits.RD1;
   991                           	btfsc	((c:3971)),c,1	;volatile
   992  000072  B283               	goto	i2u8_41
   993  000074  EF3E  F000         	goto	i2u8_40
   994  000078  EF41  F000         i2u8_41:
   995  00007C                     	movlw	1
   996  00007C  0E01               	goto	i2u8_46
   997  00007E  EF42  F000         i2u8_40:
   998  000082                     	movlw	0
   999  000082  0E00               i2u8_46:
  1000  000084                     	xorlw	0ffh
  1001  000084  0AFF               	movwf	(??_tc_int+0+0)&0ffh,c
  1002  000086  6E01               	rlncf	((??_tc_int+0+0)),c
  1003  000088  4601               	movf	((c:3971)),c,w	;volatile
  1004  00008A  5083               	xorwf	((??_tc_int+0+0)),c,w
  1005  00008C  1801               	andlw	not (((1<<1)-1)<<1)
  1006  00008E  0BFD               	xorwf	((??_tc_int+0+0)),c,w
  1007  000090  1801               	movwf	((c:3971)),c	;volatile
  1008  000092  6E83               	line	150
  1009                           	
  1010                           i2l741:
  1011  000094                     ;Lab_Dir_3.c: 150:     INTCON3bits.INT1IF=0;
  1012                           	bcf	((c:4080)),c,0	;volatile
  1013  000094  90F0               	goto	i2l29
  1014  000096  EF4D  F000         	line	151
  1015                           ;Lab_Dir_3.c: 151:     }
  1016                           	
  1017                           i2l28:
  1018  00009A                     	line	152
  1019                           	
  1020                           i2l29:
  1021  00009A                     	bcf int$flags,1,c ;clear compiler interrupt flag (level 2)
  1022  00009A  9202               	retfie f
  1023  00009C  0011               	opt stack 0
  1024                           GLOBAL	__end_of_tc_int
  1025                           	__end_of_tc_int:
  1026  00009E                     	signat	_tc_int,89
  1027                           	GLOBAL	__activetblptr
  1028                           __activetblptr	EQU	0
  1029  0000                     	psect	intsave_regs,class=BIGRAM,space=1,noexec
  1030                           	PSECT	rparam,class=COMRAM,space=1,noexec
  1031                           	GLOBAL	__Lrparam
  1032                           	FNCONF	rparam,??,?
  1033                           	GLOBAL	___rparam_used
  1034                           	___rparam_used EQU 1
  1035  0000                     	GLOBAL	___param_bank
  1036                           	___param_bank EQU 0
  1037  0000                     GLOBAL	__Lparam, __Hparam
  1038                           GLOBAL	__Lrparam, __Hrparam
  1039                           __Lparam	EQU	__Lrparam
  1040  0000                     __Hparam	EQU	__Hrparam
  1041  0000                            psect   temp,common,ovrld,class=COMRAM,space=1
  1042                           	global	btemp
  1043                           btemp:
  1044  000002                     	ds	1
  1045  000002                     	global	int$flags
  1046                           	int$flags	set btemp
  1047  0000                     	global	wtemp8
  1048                           	wtemp8 set btemp+1
  1049  0000                     	global	ttemp5
  1050                           	ttemp5 set btemp+1
  1051  0000                     	global	ttemp6
  1052                           	ttemp6 set btemp+4
  1053  0000                     	global	ttemp7
  1054                           	ttemp7 set btemp+8
  1055  0000                     	end


Data Sizes:
    Strings     0
    Constant    0
    Data        0
    BSS         0
    Persistent  0
    Stack       0

Auto Spaces:
    Space          Size  Autos    Used
    COMRAM           94      1       1
    BANK0           160      0       0
    BANK1           256      0       0
    BANK2           256      0       0
    BANK3           256      0       0
    BANK4           256      0       0
    BANK5           256      0       0
    BANK6           256      0       0
    BANK7           256      0       0

Pointer List with Targets:

    None.

Critical Paths under _main in COMRAM

    None.

Critical Paths under _tc_int in COMRAM

    None.

Critical Paths under _main in BANK0

    None.

Critical Paths under _tc_int in BANK0

    None.

Critical Paths under _main in BANK1

    None.

Critical Paths under _tc_int in BANK1

    None.

Critical Paths under _main in BANK2

    None.

Critical Paths under _tc_int in BANK2

    None.

Critical Paths under _main in BANK3

    None.

Critical Paths under _tc_int in BANK3

    None.

Critical Paths under _main in BANK4

    None.

Critical Paths under _tc_int in BANK4

    None.

Critical Paths under _main in BANK5

    None.

Critical Paths under _tc_int in BANK5

    None.

Critical Paths under _main in BANK6

    None.

Critical Paths under _tc_int in BANK6

    None.

Critical Paths under _main in BANK7

    None.

Critical Paths under _tc_int in BANK7

    None.

Call Graph Tables:

 ---------------------------------------------------------------------------------
 (Depth) Function   	        Calls       Base Space   Used Autos Params    Refs
 ---------------------------------------------------------------------------------
 (0) _main                                                 0     0      0       0
 ---------------------------------------------------------------------------------
 Estimated maximum stack depth 0
 ---------------------------------------------------------------------------------
 (Depth) Function   	        Calls       Base Space   Used Autos Params    Refs
 ---------------------------------------------------------------------------------
 (1) _tc_int                                               1     1      0       0
                                              0 COMRAM     1     1      0
 ---------------------------------------------------------------------------------
 Estimated maximum stack depth 1
 ---------------------------------------------------------------------------------

 Call Graph Graphs:

 _main (ROOT)

 _tc_int (ROOT)

 Address spaces:
Name               Size   Autos  Total    Cost      Usage
BITCOMRAM           5E      0       0       0        0.0%
EEDATA             100      0       0       0        0.0%
NULL                 0      0       0       0        0.0%
CODE                 0      0       0       0        0.0%
COMRAM              5E      1       1       1        1.1%
STACK                0      0       0       2        0.0%
DATA                 0      0       0       3        0.0%
BITBANK0            A0      0       0       4        0.0%
BANK0               A0      0       0       5        0.0%
BITBANK1           100      0       0       6        0.0%
BANK1              100      0       0       7        0.0%
BITBANK2           100      0       0       8        0.0%
BANK2              100      0       0       9        0.0%
BITBANK3           100      0       0      10        0.0%
BANK3              100      0       0      11        0.0%
BITBANK4           100      0       0      12        0.0%
BANK4              100      0       0      13        0.0%
BITBANK5           100      0       0      14        0.0%
BANK5              100      0       0      15        0.0%
BITBANK6           100      0       0      16        0.0%
BANK6              100      0       0      17        0.0%
BITBANK7           100      0       0      18        0.0%
BANK7              100      0       0      19        0.0%
ABS                  0      0       0      20        0.0%
BIGRAM             7FF      0       0      21        0.0%
BITSFR               0      0       0     200        0.0%
SFR                  0      0       0     200        0.0%


Microchip Technology PIC18 Macro Assembler V2.00 build -1524193055 
Symbol Table                                                                                   Tue Oct 09 14:56:55 2018

                     l20 00D2                       l21 00D6                       l22 00D6  
                     l19 00BA                       u15 00C2                       u25 00CC  
                     u17 00C4                       u27 00CE              __CFG_BORV$3 000000  
           __CFG_CP0$OFF 000000             __CFG_CP1$OFF 000000             __CFG_CP2$OFF 000000  
           __CFG_CP3$OFF 000000                      l711 00AA                      l721 00B4  
                    l713 00AC                      l705 009E                      l723 00BA  
                    l715 00AE                      l707 00A6                      l725 00C4  
                    l717 00B0                      l709 00A8                      l719 00B2  
           __CFG_CPB$OFF 000000             __CFG_CPD$OFF 000000             __CFG_BOR$OFF 000000  
           __CFG_FOSC$HS 000000             __CFG_LVP$OFF 000000             __CFG_WDT$OFF 000000  
                   i2l27 0056                     i2l28 009A                     i2l29 009A  
                   _main 009E                     btemp 0002                     start 000E  
          __CFG_IESO$OFF 000000            __CFG_MCLRE$ON 000000             ___param_bank 000000  
          __CFG_PLLDIV$1 000000           __CFG_CCP2MX$ON 000000                    ?_main 0001  
                  i2l731 0030                    i2l741 0094                    i2l733 0050  
                  i2l735 0056                    i2l727 0014                    i2l737 0064  
                  i2l729 0022                    i2l739 0072            __CFG_USBDIV$2 000000  
                  _TRISB 000F93                    _TRISD 000F95            __CFG_PWRT$OFF 000000  
          __CFG_WRT0$OFF 000000            __CFG_WRT1$OFF 000000            __CFG_WRT2$OFF 000000  
          __CFG_WRT3$OFF 000000           __CFG_EBTR0$OFF 000000           __CFG_FCMEN$OFF 000000  
         __CFG_EBTR1$OFF 000000           __CFG_EBTR2$OFF 000000           __CFG_EBTR3$OFF 000000  
          __CFG_WRTB$OFF 000000            __CFG_WRTC$OFF 000000            __CFG_WRTD$OFF 000000  
         __CFG_EBTRB$OFF 000000                    ttemp5 0003                    ttemp6 0006  
                  ttemp7 000A                    wtemp8 0003           __CFG_ICPRT$OFF 000000  
        __initialization 00DA             __end_of_main 00DA                   ??_main 0002  
          __activetblptr 000000                   i2u3_40 0022                   i2u3_41 001E  
                 i2u4_40 0030                   i2u4_41 002C                   i2u5_40 0040  
                 i2u5_41 003A                   i2u5_46 0042                   i2u6_40 0064  
                 i2u6_41 0060                   i2u7_40 0072                   i2u7_41 006E  
                 i2u8_40 0082                   i2u8_41 007C                   i2u8_46 0084  
         __CFG_XINST$OFF 000000           __CFG_STVREN$ON 000000                   _tc_int 0008  
             __accesstop 0060  __end_of__initialization 00DA          __CFG_PBADEN$OFF 000000  
          ___rparam_used 000001           __pcstackCOMRAM 0001                  ?_tc_int 0001  
        __CFG_VREGEN$OFF 000000                  __Hparam 0000                  __Lparam 0000  
                __pcinit 00DA                  __ramtop 0800          __size_of_tc_int 0096  
                __ptext0 009E           __pintcode_body 0012     end_of_initialization 00DA  
                int_func 0012                _PORTDbits 000F83           __end_of_tc_int 009E  
    start_initialization 00DA         __CFG_LPT1OSC$OFF 000000                 ??_tc_int 0001  
              __pintcode 0008                 _RCONbits 000FD0         __CFG_WDTPS$32768 000000  
            _INTCON2bits 000FF1              _INTCON3bits 000FF0                 __Hrparam 0000  
               __Lrparam 0000            __size_of_main 003C                 int$flags 0002  
  __CFG_CPUDIV$OSC1_PLL2 000000               _INTCONbits 000FF2                 intlevel2 0000  
